status file for recon-all
Tue Jan 23 03:53:15 UTC 2018
#@# MotionCor Tue Jan 23 03:53:22 UTC 2018
#@# Talairach Tue Jan 23 03:53:45 UTC 2018
#@# Talairach Failure Detection Tue Jan 23 03:57:57 UTC 2018
#@# Nu Intensity Correction Tue Jan 23 03:57:57 UTC 2018
#@# Intensity Normalization Tue Jan 23 04:03:13 UTC 2018
#@# Skull Stripping Tue Jan 23 04:07:55 UTC 2018
#@# EM Registration Tue Jan 23 04:45:00 UTC 2018
#@# CA Normalize Tue Jan 23 05:16:25 UTC 2018
#@# CA Reg Tue Jan 23 05:19:46 UTC 2018
#@# SubCort Seg Tue Jan 23 10:12:30 UTC 2018
#@# Merge ASeg Tue Jan 23 12:35:28 UTC 2018
#@# Intensity Normalization2 Tue Jan 23 12:35:28 UTC 2018
#@# Mask BFS Tue Jan 23 12:41:19 UTC 2018
#@# WM Segmentation Tue Jan 23 12:41:22 UTC 2018
#@# Fill Tue Jan 23 12:44:58 UTC 2018
#@# Tessellate lh Tue Jan 23 12:46:25 UTC 2018
#@# Tessellate rh Tue Jan 23 12:46:38 UTC 2018
#@# Smooth1 lh Tue Jan 23 12:46:48 UTC 2018
#@# Smooth1 rh Tue Jan 23 12:46:59 UTC 2018
#@# Inflation1 lh Tue Jan 23 12:47:10 UTC 2018
#@# Inflation1 rh Tue Jan 23 12:48:13 UTC 2018
#@# QSphere lh Tue Jan 23 12:49:14 UTC 2018
#@# QSphere rh Tue Jan 23 12:55:45 UTC 2018
#@# Fix Topology Copy lh Tue Jan 23 13:02:21 UTC 2018
#@# Fix Topology Copy rh Tue Jan 23 13:02:21 UTC 2018
#@# Fix Topology lh Tue Jan 23 13:02:21 UTC 2018
#@# Fix Topology rh Tue Jan 23 20:09:38 UTC 2018
#@# Make White Surf lh Wed Jan 24 12:02:37 UTC 2018
#@# Make White Surf rh Wed Jan 24 12:09:59 UTC 2018
#@# Smooth2 lh Wed Jan 24 12:18:59 UTC 2018
#@# Smooth2 rh Wed Jan 24 12:19:07 UTC 2018
#@# Inflation2 lh Wed Jan 24 12:19:17 UTC 2018
#@# Inflation2 rh Wed Jan 24 12:20:04 UTC 2018
#@# Curv .H and .K lh Wed Jan 24 12:21:03 UTC 2018
#@# Curv .H and .K rh Wed Jan 24 12:23:10 UTC 2018
#@# Curvature Stats lh Wed Jan 24 12:25:49 UTC 2018
#@# Curvature Stats rh Wed Jan 24 12:25:54 UTC 2018
#@# Sphere lh Wed Jan 24 12:26:01 UTC 2018
#@# Sphere rh Wed Jan 24 14:06:30 UTC 2018
#@# Surf Reg lh Wed Jan 24 17:54:18 UTC 2018
#@# Surf Reg rh Wed Jan 24 19:35:23 UTC 2018
#@# Jacobian white lh Wed Jan 24 23:08:12 UTC 2018
#@# Jacobian white rh Wed Jan 24 23:08:16 UTC 2018
#@# AvgCurv lh Wed Jan 24 23:08:20 UTC 2018
#@# AvgCurv rh Wed Jan 24 23:08:24 UTC 2018
#@# Cortical Parc lh Wed Jan 24 23:08:29 UTC 2018
#@# Cortical Parc rh Wed Jan 24 23:09:01 UTC 2018
#@# Make Pial Surf lh Wed Jan 24 23:09:43 UTC 2018
#@# Make Pial Surf rh Wed Jan 24 23:42:30 UTC 2018
#@# Surf Volume lh Thu Jan 25 00:24:24 UTC 2018
#@# Surf Volume rh Thu Jan 25 00:24:31 UTC 2018
#@# Cortical ribbon mask Thu Jan 25 00:24:41 UTC 2018
#@# Parcellation Stats lh Thu Jan 25 00:49:49 UTC 2018
#@# Parcellation Stats rh Thu Jan 25 00:53:04 UTC 2018
#@# Cortical Parc 2 lh Thu Jan 25 00:56:44 UTC 2018
#@# Cortical Parc 2 rh Thu Jan 25 00:57:28 UTC 2018
#@# Parcellation Stats 2 lh Thu Jan 25 00:58:24 UTC 2018
#@# Parcellation Stats 2 rh Thu Jan 25 00:59:57 UTC 2018
#@# Cortical Parc 3 lh Thu Jan 25 01:01:52 UTC 2018
#@# Cortical Parc 3 rh Thu Jan 25 01:02:30 UTC 2018
#@# Parcellation Stats 3 lh Thu Jan 25 01:03:15 UTC 2018
#@# Parcellation Stats 3 rh Thu Jan 25 01:04:50 UTC 2018
#@# WM/GM Contrast lh Thu Jan 25 01:06:49 UTC 2018
#@# WM/GM Contrast rh Thu Jan 25 01:07:06 UTC 2018
#@# Relabel Hypointensities Thu Jan 25 01:07:24 UTC 2018
#@# AParc-to-ASeg aparc Thu Jan 25 01:08:35 UTC 2018
#@# AParc-to-ASeg a2009s Thu Jan 25 01:21:47 UTC 2018
#@# AParc-to-ASeg DKTatlas Thu Jan 25 01:34:31 UTC 2018
#@# APas-to-ASeg Thu Jan 25 01:47:17 UTC 2018
#@# ASeg Stats Thu Jan 25 01:47:36 UTC 2018
#@# WMParc Thu Jan 25 01:59:38 UTC 2018
#@# BA_exvivo Labels lh Thu Jan 25 02:29:04 UTC 2018
#@# BA_exvivo Labels rh Thu Jan 25 02:40:05 UTC 2018
recon-all -s 3257 finished without error at Thu Jan 25 02:52:40 UTC 2018
