status file for recon-all
Sun Jan 21 22:25:49 UTC 2018
#@# MotionCor Sun Jan 21 22:25:55 UTC 2018
#@# Talairach Sun Jan 21 22:26:14 UTC 2018
#@# Talairach Failure Detection Sun Jan 21 22:29:55 UTC 2018
#@# Nu Intensity Correction Sun Jan 21 22:29:55 UTC 2018
#@# Intensity Normalization Sun Jan 21 22:33:59 UTC 2018
#@# Skull Stripping Sun Jan 21 22:38:19 UTC 2018
#@# EM Registration Sun Jan 21 23:15:04 UTC 2018
#@# CA Normalize Sun Jan 21 23:48:42 UTC 2018
#@# CA Reg Sun Jan 21 23:51:59 UTC 2018
#@# SubCort Seg Mon Jan 22 06:15:39 UTC 2018
#@# Merge ASeg Mon Jan 22 08:45:06 UTC 2018
#@# Intensity Normalization2 Mon Jan 22 08:45:06 UTC 2018
#@# Mask BFS Mon Jan 22 08:52:45 UTC 2018
#@# WM Segmentation Mon Jan 22 08:52:50 UTC 2018
#@# Fill Mon Jan 22 08:57:52 UTC 2018
#@# Tessellate lh Mon Jan 22 08:59:46 UTC 2018
#@# Tessellate rh Mon Jan 22 09:00:01 UTC 2018
#@# Smooth1 lh Mon Jan 22 09:00:17 UTC 2018
#@# Smooth1 rh Mon Jan 22 09:00:30 UTC 2018
#@# Inflation1 lh Mon Jan 22 09:00:43 UTC 2018
#@# Inflation1 rh Mon Jan 22 09:01:48 UTC 2018
#@# QSphere lh Mon Jan 22 09:02:57 UTC 2018
#@# QSphere rh Mon Jan 22 09:10:36 UTC 2018
#@# Fix Topology Copy lh Mon Jan 22 09:17:51 UTC 2018
#@# Fix Topology Copy rh Mon Jan 22 09:17:51 UTC 2018
#@# Fix Topology lh Mon Jan 22 09:17:51 UTC 2018
#@# Fix Topology rh Mon Jan 22 10:38:22 UTC 2018
#@# Make White Surf lh Mon Jan 22 11:30:12 UTC 2018
#@# Make White Surf rh Mon Jan 22 11:39:52 UTC 2018
#@# Smooth2 lh Mon Jan 22 11:49:51 UTC 2018
#@# Smooth2 rh Mon Jan 22 11:50:01 UTC 2018
#@# Inflation2 lh Mon Jan 22 11:50:12 UTC 2018
#@# Inflation2 rh Mon Jan 22 11:51:17 UTC 2018
#@# Curv .H and .K lh Mon Jan 22 11:52:23 UTC 2018
#@# Curv .H and .K rh Mon Jan 22 11:55:04 UTC 2018
#@# Curvature Stats lh Mon Jan 22 11:57:54 UTC 2018
#@# Curvature Stats rh Mon Jan 22 11:58:04 UTC 2018
#@# Sphere lh Mon Jan 22 11:58:13 UTC 2018
#@# Sphere rh Mon Jan 22 13:33:07 UTC 2018
#@# Surf Reg lh Mon Jan 22 15:12:44 UTC 2018
#@# Surf Reg rh Mon Jan 22 16:57:33 UTC 2018
#@# Jacobian white lh Mon Jan 22 18:38:14 UTC 2018
#@# Jacobian white rh Mon Jan 22 18:38:18 UTC 2018
#@# AvgCurv lh Mon Jan 22 18:38:22 UTC 2018
#@# AvgCurv rh Mon Jan 22 18:38:25 UTC 2018
#@# Cortical Parc lh Mon Jan 22 18:38:28 UTC 2018
#@# Cortical Parc rh Mon Jan 22 18:39:01 UTC 2018
#@# Make Pial Surf lh Mon Jan 22 18:39:31 UTC 2018
#@# Make Pial Surf rh Mon Jan 22 19:12:01 UTC 2018
#@# Surf Volume lh Mon Jan 22 19:44:29 UTC 2018
#@# Surf Volume rh Mon Jan 22 19:44:35 UTC 2018
#@# Cortical ribbon mask Mon Jan 22 19:44:40 UTC 2018
#@# Parcellation Stats lh Mon Jan 22 20:04:39 UTC 2018
#@# Parcellation Stats rh Mon Jan 22 20:07:09 UTC 2018
#@# Cortical Parc 2 lh Mon Jan 22 20:09:37 UTC 2018
#@# Cortical Parc 2 rh Mon Jan 22 20:10:13 UTC 2018
#@# Parcellation Stats 2 lh Mon Jan 22 20:10:46 UTC 2018
#@# Parcellation Stats 2 rh Mon Jan 22 20:11:57 UTC 2018
#@# Cortical Parc 3 lh Mon Jan 22 20:13:13 UTC 2018
#@# Cortical Parc 3 rh Mon Jan 22 20:13:40 UTC 2018
#@# Parcellation Stats 3 lh Mon Jan 22 20:14:08 UTC 2018
#@# Parcellation Stats 3 rh Mon Jan 22 20:15:22 UTC 2018
#@# WM/GM Contrast lh Mon Jan 22 20:16:39 UTC 2018
#@# WM/GM Contrast rh Mon Jan 22 20:16:50 UTC 2018
#@# Relabel Hypointensities Mon Jan 22 20:17:00 UTC 2018
#@# AParc-to-ASeg aparc Mon Jan 22 20:17:45 UTC 2018
#@# AParc-to-ASeg a2009s Mon Jan 22 20:26:29 UTC 2018
#@# AParc-to-ASeg DKTatlas Mon Jan 22 20:34:49 UTC 2018
#@# APas-to-ASeg Mon Jan 22 20:43:18 UTC 2018
#@# ASeg Stats Mon Jan 22 20:43:31 UTC 2018
#@# WMParc Mon Jan 22 20:49:45 UTC 2018
#@# BA_exvivo Labels lh Mon Jan 22 21:08:34 UTC 2018
#@# BA_exvivo Labels rh Mon Jan 22 21:17:12 UTC 2018
recon-all -s 3186 finished without error at Mon Jan 22 21:25:43 UTC 2018
