status file for recon-all
Wed Jan 24 18:51:32 UTC 2018
#@# MotionCor Wed Jan 24 18:51:38 UTC 2018
#@# Talairach Wed Jan 24 18:52:00 UTC 2018
#@# Talairach Failure Detection Wed Jan 24 18:55:48 UTC 2018
#@# Nu Intensity Correction Wed Jan 24 18:55:48 UTC 2018
#@# Intensity Normalization Wed Jan 24 19:00:05 UTC 2018
#@# Skull Stripping Wed Jan 24 19:05:10 UTC 2018
#@# EM Registration Wed Jan 24 20:08:59 UTC 2018
#@# CA Normalize Wed Jan 24 21:09:59 UTC 2018
#@# CA Reg Wed Jan 24 21:13:40 UTC 2018
#@# SubCort Seg Thu Jan 25 03:48:40 UTC 2018
#@# Merge ASeg Thu Jan 25 05:36:49 UTC 2018
#@# Intensity Normalization2 Thu Jan 25 05:36:49 UTC 2018
#@# Mask BFS Thu Jan 25 05:43:09 UTC 2018
#@# WM Segmentation Thu Jan 25 05:43:13 UTC 2018
#@# Fill Thu Jan 25 05:46:58 UTC 2018
#@# Tessellate lh Thu Jan 25 05:48:25 UTC 2018
#@# Tessellate rh Thu Jan 25 05:48:35 UTC 2018
#@# Smooth1 lh Thu Jan 25 05:48:45 UTC 2018
#@# Smooth1 rh Thu Jan 25 05:48:52 UTC 2018
#@# Inflation1 lh Thu Jan 25 05:48:59 UTC 2018
#@# Inflation1 rh Thu Jan 25 05:49:43 UTC 2018
#@# QSphere lh Thu Jan 25 05:50:28 UTC 2018
#@# QSphere rh Thu Jan 25 05:55:23 UTC 2018
#@# Fix Topology Copy lh Thu Jan 25 06:01:19 UTC 2018
#@# Fix Topology Copy rh Thu Jan 25 06:01:19 UTC 2018
#@# Fix Topology lh Thu Jan 25 06:01:19 UTC 2018
#@# Fix Topology rh Thu Jan 25 06:19:22 UTC 2018
#@# Make White Surf lh Thu Jan 25 06:31:31 UTC 2018
#@# Make White Surf rh Thu Jan 25 06:38:13 UTC 2018
#@# Smooth2 lh Thu Jan 25 06:45:02 UTC 2018
#@# Smooth2 rh Thu Jan 25 06:45:10 UTC 2018
#@# Inflation2 lh Thu Jan 25 06:45:16 UTC 2018
#@# Inflation2 rh Thu Jan 25 06:46:03 UTC 2018
#@# Curv .H and .K lh Thu Jan 25 06:46:47 UTC 2018
#@# Curv .H and .K rh Thu Jan 25 06:48:44 UTC 2018
#@# Curvature Stats lh Thu Jan 25 06:50:33 UTC 2018
#@# Curvature Stats rh Thu Jan 25 06:50:39 UTC 2018
#@# Sphere lh Thu Jan 25 06:50:44 UTC 2018
#@# Sphere rh Thu Jan 25 07:27:27 UTC 2018
#@# Surf Reg lh Thu Jan 25 07:57:58 UTC 2018
#@# Surf Reg rh Thu Jan 25 09:13:49 UTC 2018
#@# Jacobian white lh Thu Jan 25 10:17:03 UTC 2018
#@# Jacobian white rh Thu Jan 25 10:17:06 UTC 2018
#@# AvgCurv lh Thu Jan 25 10:17:08 UTC 2018
#@# AvgCurv rh Thu Jan 25 10:17:11 UTC 2018
#@# Cortical Parc lh Thu Jan 25 10:17:13 UTC 2018
#@# Cortical Parc rh Thu Jan 25 10:17:36 UTC 2018
#@# Make Pial Surf lh Thu Jan 25 10:18:00 UTC 2018
#@# Make Pial Surf rh Thu Jan 25 10:38:31 UTC 2018
#@# Surf Volume lh Thu Jan 25 10:58:44 UTC 2018
#@# Surf Volume rh Thu Jan 25 10:58:49 UTC 2018
#@# Cortical ribbon mask Thu Jan 25 10:58:54 UTC 2018
#@# Parcellation Stats lh Thu Jan 25 11:16:29 UTC 2018
#@# Parcellation Stats rh Thu Jan 25 11:18:41 UTC 2018
#@# Cortical Parc 2 lh Thu Jan 25 11:20:55 UTC 2018
#@# Cortical Parc 2 rh Thu Jan 25 11:21:26 UTC 2018
#@# Parcellation Stats 2 lh Thu Jan 25 11:21:56 UTC 2018
#@# Parcellation Stats 2 rh Thu Jan 25 11:23:04 UTC 2018
#@# Cortical Parc 3 lh Thu Jan 25 11:24:10 UTC 2018
#@# Cortical Parc 3 rh Thu Jan 25 11:24:35 UTC 2018
#@# Parcellation Stats 3 lh Thu Jan 25 11:25:00 UTC 2018
#@# Parcellation Stats 3 rh Thu Jan 25 11:26:04 UTC 2018
#@# WM/GM Contrast lh Thu Jan 25 11:27:06 UTC 2018
#@# WM/GM Contrast rh Thu Jan 25 11:27:15 UTC 2018
#@# Relabel Hypointensities Thu Jan 25 11:27:25 UTC 2018
#@# AParc-to-ASeg aparc Thu Jan 25 11:28:08 UTC 2018
#@# AParc-to-ASeg a2009s Thu Jan 25 11:37:21 UTC 2018
#@# AParc-to-ASeg DKTatlas Thu Jan 25 11:46:14 UTC 2018
#@# APas-to-ASeg Thu Jan 25 11:54:48 UTC 2018
#@# ASeg Stats Thu Jan 25 11:55:01 UTC 2018
#@# WMParc Thu Jan 25 12:01:32 UTC 2018
#@# BA_exvivo Labels lh Thu Jan 25 12:18:25 UTC 2018
#@# BA_exvivo Labels rh Thu Jan 25 12:25:46 UTC 2018
recon-all -s 3453 finished without error at Thu Jan 25 12:33:04 UTC 2018
