status file for recon-all
Sun Jan 21 22:25:20 UTC 2018
#@# MotionCor Sun Jan 21 22:25:27 UTC 2018
#@# Talairach Sun Jan 21 22:25:45 UTC 2018
#@# Talairach Failure Detection Sun Jan 21 22:29:15 UTC 2018
#@# Nu Intensity Correction Sun Jan 21 22:29:15 UTC 2018
#@# Intensity Normalization Sun Jan 21 22:33:48 UTC 2018
#@# Skull Stripping Sun Jan 21 22:38:22 UTC 2018
#@# EM Registration Sun Jan 21 23:25:01 UTC 2018
#@# CA Normalize Mon Jan 22 00:04:59 UTC 2018
#@# CA Reg Mon Jan 22 00:08:19 UTC 2018
#@# SubCort Seg Mon Jan 22 06:24:02 UTC 2018
#@# Merge ASeg Mon Jan 22 08:31:53 UTC 2018
#@# Intensity Normalization2 Mon Jan 22 08:31:53 UTC 2018
#@# Mask BFS Mon Jan 22 08:39:30 UTC 2018
#@# WM Segmentation Mon Jan 22 08:39:35 UTC 2018
#@# Fill Mon Jan 22 08:44:06 UTC 2018
#@# Tessellate lh Mon Jan 22 08:46:02 UTC 2018
#@# Tessellate rh Mon Jan 22 08:46:15 UTC 2018
#@# Smooth1 lh Mon Jan 22 08:46:28 UTC 2018
#@# Smooth1 rh Mon Jan 22 08:46:39 UTC 2018
#@# Inflation1 lh Mon Jan 22 08:46:52 UTC 2018
#@# Inflation1 rh Mon Jan 22 08:47:59 UTC 2018
#@# QSphere lh Mon Jan 22 08:49:09 UTC 2018
#@# QSphere rh Mon Jan 22 08:56:09 UTC 2018
#@# Fix Topology Copy lh Mon Jan 22 09:03:31 UTC 2018
#@# Fix Topology Copy rh Mon Jan 22 09:03:31 UTC 2018
#@# Fix Topology lh Mon Jan 22 09:03:31 UTC 2018
#@# Fix Topology rh Mon Jan 22 09:52:30 UTC 2018
#@# Make White Surf lh Mon Jan 22 10:56:13 UTC 2018
#@# Make White Surf rh Mon Jan 22 11:07:17 UTC 2018
#@# Smooth2 lh Mon Jan 22 11:17:50 UTC 2018
#@# Smooth2 rh Mon Jan 22 11:18:00 UTC 2018
#@# Inflation2 lh Mon Jan 22 11:18:12 UTC 2018
#@# Inflation2 rh Mon Jan 22 11:19:26 UTC 2018
#@# Curv .H and .K lh Mon Jan 22 11:20:40 UTC 2018
#@# Curv .H and .K rh Mon Jan 22 11:23:39 UTC 2018
#@# Curvature Stats lh Mon Jan 22 11:26:40 UTC 2018
#@# Curvature Stats rh Mon Jan 22 11:26:49 UTC 2018
#@# Sphere lh Mon Jan 22 11:26:58 UTC 2018
#@# Sphere rh Mon Jan 22 13:03:46 UTC 2018
#@# Surf Reg lh Mon Jan 22 14:34:52 UTC 2018
#@# Surf Reg rh Mon Jan 22 16:16:42 UTC 2018
#@# Jacobian white lh Mon Jan 22 18:10:33 UTC 2018
#@# Jacobian white rh Mon Jan 22 18:10:37 UTC 2018
#@# AvgCurv lh Mon Jan 22 18:10:42 UTC 2018
#@# AvgCurv rh Mon Jan 22 18:10:44 UTC 2018
#@# Cortical Parc lh Mon Jan 22 18:10:49 UTC 2018
#@# Cortical Parc rh Mon Jan 22 18:11:22 UTC 2018
#@# Make Pial Surf lh Mon Jan 22 18:11:55 UTC 2018
#@# Make Pial Surf rh Mon Jan 22 18:43:38 UTC 2018
#@# Surf Volume lh Mon Jan 22 19:15:19 UTC 2018
#@# Surf Volume rh Mon Jan 22 19:15:26 UTC 2018
#@# Cortical ribbon mask Mon Jan 22 19:15:35 UTC 2018
#@# Parcellation Stats lh Mon Jan 22 19:47:13 UTC 2018
#@# Parcellation Stats rh Mon Jan 22 19:49:48 UTC 2018
#@# Cortical Parc 2 lh Mon Jan 22 19:52:23 UTC 2018
#@# Cortical Parc 2 rh Mon Jan 22 19:52:59 UTC 2018
#@# Parcellation Stats 2 lh Mon Jan 22 19:53:33 UTC 2018
#@# Parcellation Stats 2 rh Mon Jan 22 19:54:54 UTC 2018
#@# Cortical Parc 3 lh Mon Jan 22 19:56:15 UTC 2018
#@# Cortical Parc 3 rh Mon Jan 22 19:56:44 UTC 2018
#@# Parcellation Stats 3 lh Mon Jan 22 19:57:12 UTC 2018
#@# Parcellation Stats 3 rh Mon Jan 22 19:58:31 UTC 2018
#@# WM/GM Contrast lh Mon Jan 22 19:59:49 UTC 2018
#@# WM/GM Contrast rh Mon Jan 22 20:00:01 UTC 2018
#@# Relabel Hypointensities Mon Jan 22 20:00:13 UTC 2018
#@# AParc-to-ASeg aparc Mon Jan 22 20:01:05 UTC 2018
#@# AParc-to-ASeg a2009s Mon Jan 22 20:10:05 UTC 2018
#@# AParc-to-ASeg DKTatlas Mon Jan 22 20:18:35 UTC 2018
#@# APas-to-ASeg Mon Jan 22 20:27:13 UTC 2018
#@# ASeg Stats Mon Jan 22 20:27:26 UTC 2018
#@# WMParc Mon Jan 22 20:35:45 UTC 2018
#@# BA_exvivo Labels lh Mon Jan 22 20:53:58 UTC 2018
#@# BA_exvivo Labels rh Mon Jan 22 21:03:12 UTC 2018
recon-all -s 3182 finished without error at Mon Jan 22 21:12:23 UTC 2018
