status file for recon-all
Tue Jan 23 03:53:32 UTC 2018
#@# MotionCor Tue Jan 23 03:53:40 UTC 2018
#@# Talairach Tue Jan 23 03:54:07 UTC 2018
#@# Talairach Failure Detection Tue Jan 23 03:58:47 UTC 2018
#@# Nu Intensity Correction Tue Jan 23 03:58:47 UTC 2018
#@# Intensity Normalization Tue Jan 23 04:04:45 UTC 2018
#@# Skull Stripping Tue Jan 23 04:09:40 UTC 2018
#@# EM Registration Tue Jan 23 04:54:11 UTC 2018
#@# CA Normalize Tue Jan 23 05:31:25 UTC 2018
#@# CA Reg Tue Jan 23 05:34:54 UTC 2018
#@# SubCort Seg Tue Jan 23 10:58:28 UTC 2018
#@# Merge ASeg Tue Jan 23 13:16:48 UTC 2018
#@# Intensity Normalization2 Tue Jan 23 13:16:48 UTC 2018
#@# Mask BFS Tue Jan 23 13:23:26 UTC 2018
#@# WM Segmentation Tue Jan 23 13:23:29 UTC 2018
#@# Fill Tue Jan 23 13:28:02 UTC 2018
#@# Tessellate lh Tue Jan 23 13:29:39 UTC 2018
#@# Tessellate rh Tue Jan 23 13:29:50 UTC 2018
#@# Smooth1 lh Tue Jan 23 13:30:01 UTC 2018
#@# Smooth1 rh Tue Jan 23 13:30:12 UTC 2018
#@# Inflation1 lh Tue Jan 23 13:30:24 UTC 2018
#@# Inflation1 rh Tue Jan 23 13:31:34 UTC 2018
#@# QSphere lh Tue Jan 23 13:32:39 UTC 2018
#@# QSphere rh Tue Jan 23 13:39:20 UTC 2018
#@# Fix Topology Copy lh Tue Jan 23 13:45:49 UTC 2018
#@# Fix Topology Copy rh Tue Jan 23 13:45:49 UTC 2018
#@# Fix Topology lh Tue Jan 23 13:45:49 UTC 2018
#@# Fix Topology rh Tue Jan 23 16:38:30 UTC 2018
#@# Make White Surf lh Tue Jan 23 19:33:52 UTC 2018
#@# Make White Surf rh Tue Jan 23 19:42:17 UTC 2018
#@# Smooth2 lh Tue Jan 23 19:50:40 UTC 2018
#@# Smooth2 rh Tue Jan 23 19:50:50 UTC 2018
#@# Inflation2 lh Tue Jan 23 19:51:02 UTC 2018
#@# Inflation2 rh Tue Jan 23 19:52:06 UTC 2018
#@# Curv .H and .K lh Tue Jan 23 19:53:10 UTC 2018
#@# Curv .H and .K rh Tue Jan 23 19:55:52 UTC 2018
#@# Curvature Stats lh Tue Jan 23 19:58:29 UTC 2018
#@# Curvature Stats rh Tue Jan 23 19:58:37 UTC 2018
#@# Sphere lh Tue Jan 23 19:58:44 UTC 2018
#@# Sphere rh Tue Jan 23 21:44:01 UTC 2018
#@# Surf Reg lh Wed Jan 24 00:34:05 UTC 2018
#@# Surf Reg rh Wed Jan 24 02:00:28 UTC 2018
#@# Jacobian white lh Wed Jan 24 03:55:31 UTC 2018
#@# Jacobian white rh Wed Jan 24 03:55:34 UTC 2018
#@# AvgCurv lh Wed Jan 24 03:55:38 UTC 2018
#@# AvgCurv rh Wed Jan 24 03:55:40 UTC 2018
#@# Cortical Parc lh Wed Jan 24 03:55:43 UTC 2018
#@# Cortical Parc rh Wed Jan 24 03:56:09 UTC 2018
#@# Make Pial Surf lh Wed Jan 24 03:56:33 UTC 2018
#@# Make Pial Surf rh Wed Jan 24 04:22:35 UTC 2018
#@# Surf Volume lh Wed Jan 24 04:48:23 UTC 2018
#@# Surf Volume rh Wed Jan 24 04:48:29 UTC 2018
#@# Cortical ribbon mask Wed Jan 24 04:48:35 UTC 2018
#@# Parcellation Stats lh Wed Jan 24 05:06:08 UTC 2018
#@# Parcellation Stats rh Wed Jan 24 05:08:38 UTC 2018
#@# Cortical Parc 2 lh Wed Jan 24 05:11:04 UTC 2018
#@# Cortical Parc 2 rh Wed Jan 24 05:11:36 UTC 2018
#@# Parcellation Stats 2 lh Wed Jan 24 05:12:12 UTC 2018
#@# Parcellation Stats 2 rh Wed Jan 24 05:13:30 UTC 2018
#@# Cortical Parc 3 lh Wed Jan 24 05:14:49 UTC 2018
#@# Cortical Parc 3 rh Wed Jan 24 05:15:16 UTC 2018
#@# Parcellation Stats 3 lh Wed Jan 24 05:15:43 UTC 2018
#@# Parcellation Stats 3 rh Wed Jan 24 05:16:59 UTC 2018
#@# WM/GM Contrast lh Wed Jan 24 05:18:16 UTC 2018
#@# WM/GM Contrast rh Wed Jan 24 05:18:30 UTC 2018
#@# Relabel Hypointensities Wed Jan 24 05:18:43 UTC 2018
#@# AParc-to-ASeg aparc Wed Jan 24 05:19:27 UTC 2018
#@# AParc-to-ASeg a2009s Wed Jan 24 05:27:18 UTC 2018
#@# AParc-to-ASeg DKTatlas Wed Jan 24 05:35:04 UTC 2018
#@# APas-to-ASeg Wed Jan 24 05:42:47 UTC 2018
#@# ASeg Stats Wed Jan 24 05:42:58 UTC 2018
#@# WMParc Wed Jan 24 05:49:55 UTC 2018
#@# BA_exvivo Labels lh Wed Jan 24 06:06:45 UTC 2018
#@# BA_exvivo Labels rh Wed Jan 24 06:15:16 UTC 2018
recon-all -s 3260 finished without error at Wed Jan 24 06:23:44 UTC 2018
