status file for recon-all
Sun Jan 21 22:26:18 UTC 2018
#@# MotionCor Sun Jan 21 22:26:34 UTC 2018
#@# Talairach Sun Jan 21 22:27:02 UTC 2018
#@# Talairach Failure Detection Sun Jan 21 22:31:11 UTC 2018
#@# Nu Intensity Correction Sun Jan 21 22:31:11 UTC 2018
#@# Intensity Normalization Sun Jan 21 22:36:09 UTC 2018
#@# Skull Stripping Sun Jan 21 22:41:00 UTC 2018
#@# EM Registration Sun Jan 21 23:30:40 UTC 2018
#@# CA Normalize Mon Jan 22 00:01:49 UTC 2018
#@# CA Reg Mon Jan 22 00:05:01 UTC 2018
#@# SubCort Seg Mon Jan 22 06:32:18 UTC 2018
#@# Merge ASeg Mon Jan 22 09:46:18 UTC 2018
#@# Intensity Normalization2 Mon Jan 22 09:46:18 UTC 2018
#@# Mask BFS Mon Jan 22 09:53:52 UTC 2018
#@# WM Segmentation Mon Jan 22 09:53:58 UTC 2018
#@# Fill Mon Jan 22 10:00:08 UTC 2018
#@# Tessellate lh Mon Jan 22 10:02:01 UTC 2018
#@# Tessellate rh Mon Jan 22 10:02:16 UTC 2018
#@# Smooth1 lh Mon Jan 22 10:02:32 UTC 2018
#@# Smooth1 rh Mon Jan 22 10:02:47 UTC 2018
#@# Inflation1 lh Mon Jan 22 10:03:02 UTC 2018
#@# Inflation1 rh Mon Jan 22 10:04:25 UTC 2018
#@# QSphere lh Mon Jan 22 10:05:53 UTC 2018
#@# QSphere rh Mon Jan 22 10:15:18 UTC 2018
#@# Fix Topology Copy lh Mon Jan 22 10:24:20 UTC 2018
#@# Fix Topology Copy rh Mon Jan 22 10:24:21 UTC 2018
#@# Fix Topology lh Mon Jan 22 10:24:21 UTC 2018
#@# Fix Topology rh Mon Jan 22 11:57:40 UTC 2018
#@# Make White Surf lh Mon Jan 22 13:19:54 UTC 2018
#@# Make White Surf rh Mon Jan 22 13:31:33 UTC 2018
#@# Smooth2 lh Mon Jan 22 13:42:59 UTC 2018
#@# Smooth2 rh Mon Jan 22 13:43:15 UTC 2018
#@# Inflation2 lh Mon Jan 22 13:43:30 UTC 2018
#@# Inflation2 rh Mon Jan 22 13:44:52 UTC 2018
#@# Curv .H and .K lh Mon Jan 22 13:46:18 UTC 2018
#@# Curv .H and .K rh Mon Jan 22 13:49:56 UTC 2018
#@# Curvature Stats lh Mon Jan 22 13:53:34 UTC 2018
#@# Curvature Stats rh Mon Jan 22 13:53:45 UTC 2018
#@# Sphere lh Mon Jan 22 13:53:55 UTC 2018
#@# Sphere rh Mon Jan 22 16:06:11 UTC 2018
#@# Surf Reg lh Mon Jan 22 18:14:45 UTC 2018
#@# Surf Reg rh Mon Jan 22 20:33:02 UTC 2018
#@# Jacobian white lh Mon Jan 22 22:09:28 UTC 2018
#@# Jacobian white rh Mon Jan 22 22:09:31 UTC 2018
#@# AvgCurv lh Mon Jan 22 22:09:35 UTC 2018
#@# AvgCurv rh Mon Jan 22 22:09:38 UTC 2018
#@# Cortical Parc lh Mon Jan 22 22:09:41 UTC 2018
#@# Cortical Parc rh Mon Jan 22 22:10:07 UTC 2018
#@# Make Pial Surf lh Mon Jan 22 22:10:35 UTC 2018
#@# Make Pial Surf rh Mon Jan 22 22:36:47 UTC 2018
#@# Surf Volume lh Mon Jan 22 23:03:19 UTC 2018
#@# Surf Volume rh Mon Jan 22 23:03:26 UTC 2018
#@# Cortical ribbon mask Mon Jan 22 23:03:32 UTC 2018
#@# Parcellation Stats lh Mon Jan 22 23:29:29 UTC 2018
#@# Parcellation Stats rh Mon Jan 22 23:32:15 UTC 2018
#@# Cortical Parc 2 lh Mon Jan 22 23:34:53 UTC 2018
#@# Cortical Parc 2 rh Mon Jan 22 23:35:28 UTC 2018
#@# Parcellation Stats 2 lh Mon Jan 22 23:36:02 UTC 2018
#@# Parcellation Stats 2 rh Mon Jan 22 23:37:24 UTC 2018
#@# Cortical Parc 3 lh Mon Jan 22 23:38:45 UTC 2018
#@# Cortical Parc 3 rh Mon Jan 22 23:39:13 UTC 2018
#@# Parcellation Stats 3 lh Mon Jan 22 23:39:40 UTC 2018
#@# Parcellation Stats 3 rh Mon Jan 22 23:41:00 UTC 2018
#@# WM/GM Contrast lh Mon Jan 22 23:42:21 UTC 2018
#@# WM/GM Contrast rh Mon Jan 22 23:42:36 UTC 2018
#@# Relabel Hypointensities Mon Jan 22 23:42:50 UTC 2018
#@# AParc-to-ASeg aparc Mon Jan 22 23:43:34 UTC 2018
#@# AParc-to-ASeg a2009s Mon Jan 22 23:52:13 UTC 2018
#@# AParc-to-ASeg DKTatlas Tue Jan 23 00:01:02 UTC 2018
#@# APas-to-ASeg Tue Jan 23 00:09:42 UTC 2018
#@# ASeg Stats Tue Jan 23 00:09:54 UTC 2018
#@# WMParc Tue Jan 23 00:15:33 UTC 2018
#@# BA_exvivo Labels lh Tue Jan 23 00:32:37 UTC 2018
#@# BA_exvivo Labels rh Tue Jan 23 00:41:43 UTC 2018
recon-all -s 3213 finished without error at Tue Jan 23 00:51:03 UTC 2018
