status file for recon-all
Sun Jan 28 18:04:10 UTC 2018
#@# MotionCor Sun Jan 28 18:04:19 UTC 2018
#@# Talairach Sun Jan 28 18:04:41 UTC 2018
#@# Talairach Failure Detection Sun Jan 28 18:08:01 UTC 2018
#@# Nu Intensity Correction Sun Jan 28 18:08:01 UTC 2018
#@# Intensity Normalization Sun Jan 28 18:12:17 UTC 2018
#@# Skull Stripping Sun Jan 28 18:16:57 UTC 2018
#@# EM Registration Sun Jan 28 18:59:15 UTC 2018
#@# CA Normalize Sun Jan 28 19:41:10 UTC 2018
#@# CA Reg Sun Jan 28 19:44:30 UTC 2018
#@# SubCort Seg Mon Jan 29 02:07:38 UTC 2018
#@# Merge ASeg Mon Jan 29 05:30:33 UTC 2018
#@# Intensity Normalization2 Mon Jan 29 05:30:34 UTC 2018
#@# Mask BFS Mon Jan 29 05:38:30 UTC 2018
#@# WM Segmentation Mon Jan 29 05:38:36 UTC 2018
#@# Fill Mon Jan 29 05:44:50 UTC 2018
#@# Tessellate lh Mon Jan 29 05:46:46 UTC 2018
#@# Tessellate rh Mon Jan 29 05:47:02 UTC 2018
#@# Smooth1 lh Mon Jan 29 05:47:19 UTC 2018
#@# Smooth1 rh Mon Jan 29 05:47:33 UTC 2018
#@# Inflation1 lh Mon Jan 29 05:47:45 UTC 2018
#@# Inflation1 rh Mon Jan 29 05:49:08 UTC 2018
#@# QSphere lh Mon Jan 29 05:50:27 UTC 2018
#@# QSphere rh Mon Jan 29 05:58:55 UTC 2018
#@# Fix Topology Copy lh Mon Jan 29 06:07:29 UTC 2018
#@# Fix Topology Copy rh Mon Jan 29 06:07:29 UTC 2018
#@# Fix Topology lh Mon Jan 29 06:07:29 UTC 2018
#@# Fix Topology rh Mon Jan 29 08:00:32 UTC 2018
#@# Make White Surf lh Mon Jan 29 09:18:54 UTC 2018
#@# Make White Surf rh Mon Jan 29 09:30:24 UTC 2018
#@# Smooth2 lh Mon Jan 29 09:41:08 UTC 2018
#@# Smooth2 rh Mon Jan 29 09:41:23 UTC 2018
#@# Inflation2 lh Mon Jan 29 09:41:35 UTC 2018
#@# Inflation2 rh Mon Jan 29 09:43:00 UTC 2018
#@# Curv .H and .K lh Mon Jan 29 09:44:21 UTC 2018
#@# Curv .H and .K rh Mon Jan 29 09:47:48 UTC 2018
#@# Curvature Stats lh Mon Jan 29 09:51:08 UTC 2018
#@# Curvature Stats rh Mon Jan 29 09:51:18 UTC 2018
#@# Sphere lh Mon Jan 29 09:51:26 UTC 2018
#@# Sphere rh Mon Jan 29 11:40:46 UTC 2018
#@# Surf Reg lh Mon Jan 29 13:30:40 UTC 2018
#@# Surf Reg rh Mon Jan 29 15:43:39 UTC 2018
#@# Jacobian white lh Mon Jan 29 17:52:30 UTC 2018
#@# Jacobian white rh Mon Jan 29 17:52:36 UTC 2018
#@# AvgCurv lh Mon Jan 29 17:52:40 UTC 2018
#@# AvgCurv rh Mon Jan 29 17:52:45 UTC 2018
#@# Cortical Parc lh Mon Jan 29 17:52:49 UTC 2018
#@# Cortical Parc rh Mon Jan 29 17:53:28 UTC 2018
#@# Make Pial Surf lh Mon Jan 29 17:54:03 UTC 2018
#@# Make Pial Surf rh Mon Jan 29 18:31:35 UTC 2018
#@# Surf Volume lh Mon Jan 29 19:08:12 UTC 2018
#@# Surf Volume rh Mon Jan 29 19:08:21 UTC 2018
#@# Cortical ribbon mask Mon Jan 29 19:08:30 UTC 2018
#@# Parcellation Stats lh Mon Jan 29 19:41:34 UTC 2018
#@# Parcellation Stats rh Mon Jan 29 19:45:22 UTC 2018
#@# Cortical Parc 2 lh Mon Jan 29 19:49:06 UTC 2018
#@# Cortical Parc 2 rh Mon Jan 29 19:49:57 UTC 2018
#@# Parcellation Stats 2 lh Mon Jan 29 19:50:48 UTC 2018
#@# Parcellation Stats 2 rh Mon Jan 29 19:52:41 UTC 2018
#@# Cortical Parc 3 lh Mon Jan 29 19:54:34 UTC 2018
#@# Cortical Parc 3 rh Mon Jan 29 19:55:13 UTC 2018
#@# Parcellation Stats 3 lh Mon Jan 29 19:55:47 UTC 2018
#@# Parcellation Stats 3 rh Mon Jan 29 19:57:18 UTC 2018
#@# WM/GM Contrast lh Mon Jan 29 19:58:45 UTC 2018
#@# WM/GM Contrast rh Mon Jan 29 19:58:58 UTC 2018
#@# Relabel Hypointensities Mon Jan 29 19:59:10 UTC 2018
#@# AParc-to-ASeg aparc Mon Jan 29 20:00:00 UTC 2018
#@# AParc-to-ASeg a2009s Mon Jan 29 20:09:04 UTC 2018
#@# AParc-to-ASeg DKTatlas Mon Jan 29 20:17:54 UTC 2018
#@# APas-to-ASeg Mon Jan 29 20:26:52 UTC 2018
#@# ASeg Stats Mon Jan 29 20:27:05 UTC 2018
#@# WMParc Mon Jan 29 20:33:30 UTC 2018
#@# BA_exvivo Labels lh Mon Jan 29 20:52:01 UTC 2018
#@# BA_exvivo Labels rh Mon Jan 29 21:01:39 UTC 2018
recon-all -s 4102 finished without error at Mon Jan 29 21:11:11 UTC 2018
