status file for recon-all
Thu Jan 25 22:26:24 UTC 2018
#@# MotionCor Thu Jan 25 22:26:30 UTC 2018
#@# Talairach Thu Jan 25 22:26:49 UTC 2018
#@# Talairach Failure Detection Thu Jan 25 22:29:50 UTC 2018
#@# Nu Intensity Correction Thu Jan 25 22:29:50 UTC 2018
#@# Intensity Normalization Thu Jan 25 22:33:41 UTC 2018
#@# Skull Stripping Thu Jan 25 22:37:27 UTC 2018
#@# EM Registration Thu Jan 25 23:08:54 UTC 2018
#@# CA Normalize Thu Jan 25 23:38:36 UTC 2018
#@# CA Reg Thu Jan 25 23:41:19 UTC 2018
#@# SubCort Seg Fri Jan 26 05:03:39 UTC 2018
#@# Merge ASeg Fri Jan 26 06:46:53 UTC 2018
#@# Intensity Normalization2 Fri Jan 26 06:46:53 UTC 2018
#@# Mask BFS Fri Jan 26 06:53:32 UTC 2018
#@# WM Segmentation Fri Jan 26 06:53:37 UTC 2018
#@# Fill Fri Jan 26 06:57:05 UTC 2018
#@# Tessellate lh Fri Jan 26 06:58:41 UTC 2018
#@# Tessellate rh Fri Jan 26 06:58:54 UTC 2018
#@# Smooth1 lh Fri Jan 26 06:59:06 UTC 2018
#@# Smooth1 rh Fri Jan 26 06:59:16 UTC 2018
#@# Inflation1 lh Fri Jan 26 06:59:25 UTC 2018
#@# Inflation1 rh Fri Jan 26 07:00:22 UTC 2018
#@# QSphere lh Fri Jan 26 07:01:21 UTC 2018
#@# QSphere rh Fri Jan 26 07:08:41 UTC 2018
#@# Fix Topology Copy lh Fri Jan 26 07:15:09 UTC 2018
#@# Fix Topology Copy rh Fri Jan 26 07:15:09 UTC 2018
#@# Fix Topology lh Fri Jan 26 07:15:09 UTC 2018
#@# Fix Topology rh Fri Jan 26 07:26:35 UTC 2018
#@# Make White Surf lh Fri Jan 26 07:42:56 UTC 2018
#@# Make White Surf rh Fri Jan 26 07:51:48 UTC 2018
#@# Smooth2 lh Fri Jan 26 08:00:36 UTC 2018
#@# Smooth2 rh Fri Jan 26 08:00:46 UTC 2018
#@# Inflation2 lh Fri Jan 26 08:00:56 UTC 2018
#@# Inflation2 rh Fri Jan 26 08:01:54 UTC 2018
#@# Curv .H and .K lh Fri Jan 26 08:02:50 UTC 2018
#@# Curv .H and .K rh Fri Jan 26 08:05:09 UTC 2018
#@# Curvature Stats lh Fri Jan 26 08:07:28 UTC 2018
#@# Curvature Stats rh Fri Jan 26 08:07:34 UTC 2018
#@# Sphere lh Fri Jan 26 08:07:40 UTC 2018
#@# Sphere rh Fri Jan 26 09:14:18 UTC 2018
#@# Surf Reg lh Fri Jan 26 10:36:43 UTC 2018
#@# Surf Reg rh Fri Jan 26 11:55:21 UTC 2018
#@# Jacobian white lh Fri Jan 26 13:28:55 UTC 2018
#@# Jacobian white rh Fri Jan 26 13:28:58 UTC 2018
#@# AvgCurv lh Fri Jan 26 13:29:01 UTC 2018
#@# AvgCurv rh Fri Jan 26 13:29:05 UTC 2018
#@# Cortical Parc lh Fri Jan 26 13:29:07 UTC 2018
#@# Cortical Parc rh Fri Jan 26 13:29:35 UTC 2018
#@# Make Pial Surf lh Fri Jan 26 13:29:59 UTC 2018
#@# Make Pial Surf rh Fri Jan 26 13:54:00 UTC 2018
#@# Surf Volume lh Fri Jan 26 14:18:24 UTC 2018
#@# Surf Volume rh Fri Jan 26 14:18:30 UTC 2018
#@# Cortical ribbon mask Fri Jan 26 14:18:35 UTC 2018
#@# Parcellation Stats lh Fri Jan 26 14:46:45 UTC 2018
#@# Parcellation Stats rh Fri Jan 26 14:49:33 UTC 2018
#@# Cortical Parc 2 lh Fri Jan 26 14:52:12 UTC 2018
#@# Cortical Parc 2 rh Fri Jan 26 14:52:52 UTC 2018
#@# Parcellation Stats 2 lh Fri Jan 26 14:53:32 UTC 2018
#@# Parcellation Stats 2 rh Fri Jan 26 14:55:02 UTC 2018
#@# Cortical Parc 3 lh Fri Jan 26 14:56:29 UTC 2018
#@# Cortical Parc 3 rh Fri Jan 26 14:57:03 UTC 2018
#@# Parcellation Stats 3 lh Fri Jan 26 14:57:37 UTC 2018
#@# Parcellation Stats 3 rh Fri Jan 26 14:59:01 UTC 2018
#@# WM/GM Contrast lh Fri Jan 26 15:00:26 UTC 2018
#@# WM/GM Contrast rh Fri Jan 26 15:00:40 UTC 2018
#@# Relabel Hypointensities Fri Jan 26 15:00:53 UTC 2018
#@# AParc-to-ASeg aparc Fri Jan 26 15:01:48 UTC 2018
#@# AParc-to-ASeg a2009s Fri Jan 26 15:12:15 UTC 2018
#@# AParc-to-ASeg DKTatlas Fri Jan 26 15:22:00 UTC 2018
#@# APas-to-ASeg Fri Jan 26 15:30:50 UTC 2018
#@# ASeg Stats Fri Jan 26 15:31:04 UTC 2018
#@# WMParc Fri Jan 26 15:38:13 UTC 2018
#@# BA_exvivo Labels lh Fri Jan 26 15:58:06 UTC 2018
#@# BA_exvivo Labels rh Fri Jan 26 16:06:57 UTC 2018
recon-all -s 3544 finished without error at Fri Jan 26 16:16:07 UTC 2018
