status file for recon-all
Sat Jan 27 01:18:32 UTC 2018
#@# MotionCor Sat Jan 27 01:18:37 UTC 2018
#@# Talairach Sat Jan 27 01:18:54 UTC 2018
#@# Talairach Failure Detection Sat Jan 27 01:22:04 UTC 2018
#@# Nu Intensity Correction Sat Jan 27 01:22:05 UTC 2018
#@# Intensity Normalization Sat Jan 27 01:26:24 UTC 2018
#@# Skull Stripping Sat Jan 27 01:31:40 UTC 2018
#@# EM Registration Sat Jan 27 02:07:13 UTC 2018
#@# CA Normalize Sat Jan 27 02:36:36 UTC 2018
#@# CA Reg Sat Jan 27 02:40:08 UTC 2018
#@# SubCort Seg Sat Jan 27 08:18:58 UTC 2018
#@# Merge ASeg Sat Jan 27 10:36:13 UTC 2018
#@# Intensity Normalization2 Sat Jan 27 10:36:13 UTC 2018
#@# Mask BFS Sat Jan 27 10:43:47 UTC 2018
#@# WM Segmentation Sat Jan 27 10:43:51 UTC 2018
#@# Fill Sat Jan 27 10:48:35 UTC 2018
#@# Tessellate lh Sat Jan 27 10:50:32 UTC 2018
#@# Tessellate rh Sat Jan 27 10:50:49 UTC 2018
#@# Smooth1 lh Sat Jan 27 10:51:03 UTC 2018
#@# Smooth1 rh Sat Jan 27 10:51:13 UTC 2018
#@# Inflation1 lh Sat Jan 27 10:51:25 UTC 2018
#@# Inflation1 rh Sat Jan 27 10:52:34 UTC 2018
#@# QSphere lh Sat Jan 27 10:53:44 UTC 2018
#@# QSphere rh Sat Jan 27 11:01:11 UTC 2018
#@# Fix Topology Copy lh Sat Jan 27 11:08:52 UTC 2018
#@# Fix Topology Copy rh Sat Jan 27 11:08:53 UTC 2018
#@# Fix Topology lh Sat Jan 27 11:08:53 UTC 2018
#@# Fix Topology rh Sat Jan 27 13:22:16 UTC 2018
#@# Make White Surf lh Sat Jan 27 14:49:26 UTC 2018
#@# Make White Surf rh Sat Jan 27 14:59:16 UTC 2018
#@# Smooth2 lh Sat Jan 27 15:09:18 UTC 2018
#@# Smooth2 rh Sat Jan 27 15:09:30 UTC 2018
#@# Inflation2 lh Sat Jan 27 15:09:42 UTC 2018
#@# Inflation2 rh Sat Jan 27 15:10:51 UTC 2018
#@# Curv .H and .K lh Sat Jan 27 15:12:03 UTC 2018
#@# Curv .H and .K rh Sat Jan 27 15:15:00 UTC 2018
#@# Curvature Stats lh Sat Jan 27 15:18:01 UTC 2018
#@# Curvature Stats rh Sat Jan 27 15:18:08 UTC 2018
#@# Sphere lh Sat Jan 27 15:18:16 UTC 2018
#@# Sphere rh Sat Jan 27 16:51:40 UTC 2018
#@# Surf Reg lh Sat Jan 27 18:28:06 UTC 2018
#@# Surf Reg rh Sat Jan 27 20:12:55 UTC 2018
#@# Jacobian white lh Sat Jan 27 22:04:19 UTC 2018
#@# Jacobian white rh Sat Jan 27 22:04:22 UTC 2018
#@# AvgCurv lh Sat Jan 27 22:04:25 UTC 2018
#@# AvgCurv rh Sat Jan 27 22:04:28 UTC 2018
#@# Cortical Parc lh Sat Jan 27 22:04:31 UTC 2018
#@# Cortical Parc rh Sat Jan 27 22:04:56 UTC 2018
#@# Make Pial Surf lh Sat Jan 27 22:05:19 UTC 2018
#@# Make Pial Surf rh Sat Jan 27 22:27:15 UTC 2018
#@# Surf Volume lh Sat Jan 27 22:50:05 UTC 2018
#@# Surf Volume rh Sat Jan 27 22:50:10 UTC 2018
#@# Cortical ribbon mask Sat Jan 27 22:50:15 UTC 2018
#@# Parcellation Stats lh Sat Jan 27 23:13:02 UTC 2018
#@# Parcellation Stats rh Sat Jan 27 23:15:13 UTC 2018
#@# Cortical Parc 2 lh Sat Jan 27 23:17:26 UTC 2018
#@# Cortical Parc 2 rh Sat Jan 27 23:17:55 UTC 2018
#@# Parcellation Stats 2 lh Sat Jan 27 23:18:25 UTC 2018
#@# Parcellation Stats 2 rh Sat Jan 27 23:19:31 UTC 2018
#@# Cortical Parc 3 lh Sat Jan 27 23:20:38 UTC 2018
#@# Cortical Parc 3 rh Sat Jan 27 23:21:00 UTC 2018
#@# Parcellation Stats 3 lh Sat Jan 27 23:21:24 UTC 2018
#@# Parcellation Stats 3 rh Sat Jan 27 23:22:30 UTC 2018
#@# WM/GM Contrast lh Sat Jan 27 23:23:34 UTC 2018
#@# WM/GM Contrast rh Sat Jan 27 23:23:44 UTC 2018
#@# Relabel Hypointensities Sat Jan 27 23:23:54 UTC 2018
#@# AParc-to-ASeg aparc Sat Jan 27 23:24:31 UTC 2018
#@# AParc-to-ASeg a2009s Sat Jan 27 23:32:10 UTC 2018
#@# AParc-to-ASeg DKTatlas Sat Jan 27 23:39:45 UTC 2018
#@# APas-to-ASeg Sat Jan 27 23:47:19 UTC 2018
#@# ASeg Stats Sat Jan 27 23:47:30 UTC 2018
#@# WMParc Sat Jan 27 23:52:49 UTC 2018
#@# BA_exvivo Labels lh Sun Jan 28 00:09:47 UTC 2018
#@# BA_exvivo Labels rh Sun Jan 28 00:17:31 UTC 2018
recon-all -s 3828 finished without error at Sun Jan 28 00:25:22 UTC 2018
