status file for recon-all
Sun Jan 28 18:03:38 UTC 2018
#@# MotionCor Sun Jan 28 18:03:44 UTC 2018
#@# Talairach Sun Jan 28 18:04:03 UTC 2018
#@# Talairach Failure Detection Sun Jan 28 18:07:47 UTC 2018
#@# Nu Intensity Correction Sun Jan 28 18:07:47 UTC 2018
#@# Intensity Normalization Sun Jan 28 18:12:12 UTC 2018
#@# Skull Stripping Sun Jan 28 18:16:50 UTC 2018
#@# EM Registration Sun Jan 28 18:59:50 UTC 2018
#@# CA Normalize Sun Jan 28 19:47:41 UTC 2018
#@# CA Reg Sun Jan 28 19:50:58 UTC 2018
#@# SubCort Seg Mon Jan 29 01:36:14 UTC 2018
#@# Merge ASeg Mon Jan 29 04:45:29 UTC 2018
#@# Intensity Normalization2 Mon Jan 29 04:45:29 UTC 2018
#@# Mask BFS Mon Jan 29 04:53:06 UTC 2018
#@# WM Segmentation Mon Jan 29 04:53:12 UTC 2018
#@# Fill Mon Jan 29 04:58:49 UTC 2018
#@# Tessellate lh Mon Jan 29 05:00:40 UTC 2018
#@# Tessellate rh Mon Jan 29 05:00:54 UTC 2018
#@# Smooth1 lh Mon Jan 29 05:01:10 UTC 2018
#@# Smooth1 rh Mon Jan 29 05:01:23 UTC 2018
#@# Inflation1 lh Mon Jan 29 05:01:34 UTC 2018
#@# Inflation1 rh Mon Jan 29 05:02:48 UTC 2018
#@# QSphere lh Mon Jan 29 05:03:59 UTC 2018
#@# QSphere rh Mon Jan 29 05:12:03 UTC 2018
#@# Fix Topology Copy lh Mon Jan 29 05:20:48 UTC 2018
#@# Fix Topology Copy rh Mon Jan 29 05:20:48 UTC 2018
#@# Fix Topology lh Mon Jan 29 05:20:48 UTC 2018
#@# Fix Topology rh Mon Jan 29 06:41:41 UTC 2018
#@# Make White Surf lh Mon Jan 29 08:28:41 UTC 2018
#@# Make White Surf rh Mon Jan 29 08:38:59 UTC 2018
#@# Smooth2 lh Mon Jan 29 08:49:00 UTC 2018
#@# Smooth2 rh Mon Jan 29 08:49:12 UTC 2018
#@# Inflation2 lh Mon Jan 29 08:49:23 UTC 2018
#@# Inflation2 rh Mon Jan 29 08:50:34 UTC 2018
#@# Curv .H and .K lh Mon Jan 29 08:51:45 UTC 2018
#@# Curv .H and .K rh Mon Jan 29 08:54:45 UTC 2018
#@# Curvature Stats lh Mon Jan 29 08:57:46 UTC 2018
#@# Curvature Stats rh Mon Jan 29 08:57:55 UTC 2018
#@# Sphere lh Mon Jan 29 08:58:02 UTC 2018
#@# Sphere rh Mon Jan 29 10:42:00 UTC 2018
#@# Surf Reg lh Mon Jan 29 13:05:40 UTC 2018
#@# Surf Reg rh Mon Jan 29 14:43:15 UTC 2018
#@# Jacobian white lh Mon Jan 29 16:28:45 UTC 2018
#@# Jacobian white rh Mon Jan 29 16:28:50 UTC 2018
#@# AvgCurv lh Mon Jan 29 16:28:54 UTC 2018
#@# AvgCurv rh Mon Jan 29 16:28:59 UTC 2018
#@# Cortical Parc lh Mon Jan 29 16:29:04 UTC 2018
#@# Cortical Parc rh Mon Jan 29 16:29:44 UTC 2018
#@# Make Pial Surf lh Mon Jan 29 16:30:19 UTC 2018
#@# Make Pial Surf rh Mon Jan 29 17:03:23 UTC 2018
#@# Surf Volume lh Mon Jan 29 17:36:27 UTC 2018
#@# Surf Volume rh Mon Jan 29 17:36:35 UTC 2018
#@# Cortical ribbon mask Mon Jan 29 17:36:42 UTC 2018
#@# Parcellation Stats lh Mon Jan 29 18:03:10 UTC 2018
#@# Parcellation Stats rh Mon Jan 29 18:06:19 UTC 2018
#@# Cortical Parc 2 lh Mon Jan 29 18:09:36 UTC 2018
#@# Cortical Parc 2 rh Mon Jan 29 18:10:23 UTC 2018
#@# Parcellation Stats 2 lh Mon Jan 29 18:11:06 UTC 2018
#@# Parcellation Stats 2 rh Mon Jan 29 18:12:41 UTC 2018
#@# Cortical Parc 3 lh Mon Jan 29 18:14:15 UTC 2018
#@# Cortical Parc 3 rh Mon Jan 29 18:14:48 UTC 2018
#@# Parcellation Stats 3 lh Mon Jan 29 18:15:24 UTC 2018
#@# Parcellation Stats 3 rh Mon Jan 29 18:16:51 UTC 2018
#@# WM/GM Contrast lh Mon Jan 29 18:18:22 UTC 2018
#@# WM/GM Contrast rh Mon Jan 29 18:18:37 UTC 2018
#@# Relabel Hypointensities Mon Jan 29 18:18:53 UTC 2018
#@# AParc-to-ASeg aparc Mon Jan 29 18:19:46 UTC 2018
#@# AParc-to-ASeg a2009s Mon Jan 29 18:31:01 UTC 2018
#@# AParc-to-ASeg DKTatlas Mon Jan 29 18:41:59 UTC 2018
#@# APas-to-ASeg Mon Jan 29 18:53:43 UTC 2018
#@# ASeg Stats Mon Jan 29 18:54:00 UTC 2018
#@# WMParc Mon Jan 29 19:05:19 UTC 2018
#@# BA_exvivo Labels lh Mon Jan 29 19:32:34 UTC 2018
#@# BA_exvivo Labels rh Mon Jan 29 19:44:08 UTC 2018
recon-all -s 4098 finished without error at Mon Jan 29 19:55:36 UTC 2018
