status file for recon-all
Thu Jan 25 22:27:04 UTC 2018
#@# MotionCor Thu Jan 25 22:27:10 UTC 2018
#@# Talairach Thu Jan 25 22:27:29 UTC 2018
#@# Talairach Failure Detection Thu Jan 25 22:30:45 UTC 2018
#@# Nu Intensity Correction Thu Jan 25 22:30:45 UTC 2018
#@# Intensity Normalization Thu Jan 25 22:34:51 UTC 2018
#@# Skull Stripping Thu Jan 25 22:39:02 UTC 2018
#@# EM Registration Thu Jan 25 23:14:54 UTC 2018
#@# CA Normalize Thu Jan 25 23:45:08 UTC 2018
#@# CA Reg Thu Jan 25 23:48:07 UTC 2018
#@# SubCort Seg Fri Jan 26 04:42:51 UTC 2018
#@# Merge ASeg Fri Jan 26 06:47:34 UTC 2018
#@# Intensity Normalization2 Fri Jan 26 06:47:34 UTC 2018
#@# Mask BFS Fri Jan 26 06:54:26 UTC 2018
#@# WM Segmentation Fri Jan 26 06:54:30 UTC 2018
#@# Fill Fri Jan 26 06:58:40 UTC 2018
#@# Tessellate lh Fri Jan 26 07:00:20 UTC 2018
#@# Tessellate rh Fri Jan 26 07:00:34 UTC 2018
#@# Smooth1 lh Fri Jan 26 07:00:48 UTC 2018
#@# Smooth1 rh Fri Jan 26 07:01:01 UTC 2018
#@# Inflation1 lh Fri Jan 26 07:01:14 UTC 2018
#@# Inflation1 rh Fri Jan 26 07:02:28 UTC 2018
#@# QSphere lh Fri Jan 26 07:03:45 UTC 2018
#@# QSphere rh Fri Jan 26 07:11:11 UTC 2018
#@# Fix Topology Copy lh Fri Jan 26 07:19:20 UTC 2018
#@# Fix Topology Copy rh Fri Jan 26 07:19:20 UTC 2018
#@# Fix Topology lh Fri Jan 26 07:19:20 UTC 2018
#@# Fix Topology rh Fri Jan 26 08:52:03 UTC 2018
#@# Make White Surf lh Fri Jan 26 10:00:19 UTC 2018
#@# Make White Surf rh Fri Jan 26 10:11:16 UTC 2018
#@# Smooth2 lh Fri Jan 26 10:22:09 UTC 2018
#@# Smooth2 rh Fri Jan 26 10:22:19 UTC 2018
#@# Inflation2 lh Fri Jan 26 10:22:31 UTC 2018
#@# Inflation2 rh Fri Jan 26 10:23:39 UTC 2018
#@# Curv .H and .K lh Fri Jan 26 10:24:47 UTC 2018
#@# Curv .H and .K rh Fri Jan 26 10:27:50 UTC 2018
#@# Curvature Stats lh Fri Jan 26 10:30:52 UTC 2018
#@# Curvature Stats rh Fri Jan 26 10:30:59 UTC 2018
#@# Sphere lh Fri Jan 26 10:31:07 UTC 2018
#@# Sphere rh Fri Jan 26 12:26:54 UTC 2018
#@# Surf Reg lh Fri Jan 26 14:11:57 UTC 2018
#@# Surf Reg rh Fri Jan 26 15:57:11 UTC 2018
#@# Jacobian white lh Fri Jan 26 17:50:22 UTC 2018
#@# Jacobian white rh Fri Jan 26 17:50:26 UTC 2018
#@# AvgCurv lh Fri Jan 26 17:50:30 UTC 2018
#@# AvgCurv rh Fri Jan 26 17:50:34 UTC 2018
#@# Cortical Parc lh Fri Jan 26 17:50:37 UTC 2018
#@# Cortical Parc rh Fri Jan 26 17:51:06 UTC 2018
#@# Make Pial Surf lh Fri Jan 26 17:51:35 UTC 2018
#@# Make Pial Surf rh Fri Jan 26 18:20:28 UTC 2018
#@# Surf Volume lh Fri Jan 26 18:48:29 UTC 2018
#@# Surf Volume rh Fri Jan 26 18:48:36 UTC 2018
#@# Cortical ribbon mask Fri Jan 26 18:48:43 UTC 2018
#@# Parcellation Stats lh Fri Jan 26 19:22:16 UTC 2018
#@# Parcellation Stats rh Fri Jan 26 19:24:56 UTC 2018
#@# Cortical Parc 2 lh Fri Jan 26 19:27:40 UTC 2018
#@# Cortical Parc 2 rh Fri Jan 26 19:28:17 UTC 2018
#@# Parcellation Stats 2 lh Fri Jan 26 19:28:54 UTC 2018
#@# Parcellation Stats 2 rh Fri Jan 26 19:30:17 UTC 2018
#@# Cortical Parc 3 lh Fri Jan 26 19:31:42 UTC 2018
#@# Cortical Parc 3 rh Fri Jan 26 19:32:11 UTC 2018
#@# Parcellation Stats 3 lh Fri Jan 26 19:32:39 UTC 2018
#@# Parcellation Stats 3 rh Fri Jan 26 19:34:00 UTC 2018
#@# WM/GM Contrast lh Fri Jan 26 19:35:22 UTC 2018
#@# WM/GM Contrast rh Fri Jan 26 19:35:35 UTC 2018
#@# Relabel Hypointensities Fri Jan 26 19:35:46 UTC 2018
#@# AParc-to-ASeg aparc Fri Jan 26 19:36:34 UTC 2018
#@# AParc-to-ASeg a2009s Fri Jan 26 19:45:32 UTC 2018
#@# AParc-to-ASeg DKTatlas Fri Jan 26 19:54:26 UTC 2018
#@# APas-to-ASeg Fri Jan 26 20:03:29 UTC 2018
#@# ASeg Stats Fri Jan 26 20:03:41 UTC 2018
#@# WMParc Fri Jan 26 20:09:18 UTC 2018
#@# BA_exvivo Labels lh Fri Jan 26 20:26:56 UTC 2018
#@# BA_exvivo Labels rh Fri Jan 26 20:36:15 UTC 2018
recon-all -s 3584 finished without error at Fri Jan 26 20:45:17 UTC 2018
