status file for recon-all
Tue Jan 23 03:52:58 UTC 2018
#@# MotionCor Tue Jan 23 03:53:03 UTC 2018
#@# Talairach Tue Jan 23 03:53:24 UTC 2018
#@# Talairach Failure Detection Tue Jan 23 03:57:49 UTC 2018
#@# Nu Intensity Correction Tue Jan 23 03:57:50 UTC 2018
#@# Intensity Normalization Tue Jan 23 04:03:08 UTC 2018
#@# Skull Stripping Tue Jan 23 04:08:20 UTC 2018
#@# EM Registration Tue Jan 23 04:50:32 UTC 2018
#@# CA Normalize Tue Jan 23 05:33:19 UTC 2018
#@# CA Reg Tue Jan 23 05:36:51 UTC 2018
#@# SubCort Seg Tue Jan 23 09:56:17 UTC 2018
#@# Merge ASeg Tue Jan 23 11:51:10 UTC 2018
#@# Intensity Normalization2 Tue Jan 23 11:51:10 UTC 2018
#@# Mask BFS Tue Jan 23 11:57:33 UTC 2018
#@# WM Segmentation Tue Jan 23 11:57:37 UTC 2018
#@# Fill Tue Jan 23 12:01:30 UTC 2018
#@# Tessellate lh Tue Jan 23 12:03:08 UTC 2018
#@# Tessellate rh Tue Jan 23 12:03:18 UTC 2018
#@# Smooth1 lh Tue Jan 23 12:03:28 UTC 2018
#@# Smooth1 rh Tue Jan 23 12:03:36 UTC 2018
#@# Inflation1 lh Tue Jan 23 12:03:46 UTC 2018
#@# Inflation1 rh Tue Jan 23 12:04:36 UTC 2018
#@# QSphere lh Tue Jan 23 12:05:25 UTC 2018
#@# QSphere rh Tue Jan 23 12:10:44 UTC 2018
#@# Fix Topology Copy lh Tue Jan 23 12:16:10 UTC 2018
#@# Fix Topology Copy rh Tue Jan 23 12:16:10 UTC 2018
#@# Fix Topology lh Tue Jan 23 12:16:10 UTC 2018
#@# Fix Topology rh Tue Jan 23 16:45:50 UTC 2018
#@# Make White Surf lh Tue Jan 23 23:22:36 UTC 2018
#@# Make White Surf rh Tue Jan 23 23:29:02 UTC 2018
#@# Smooth2 lh Tue Jan 23 23:35:06 UTC 2018
#@# Smooth2 rh Tue Jan 23 23:35:14 UTC 2018
#@# Inflation2 lh Tue Jan 23 23:35:20 UTC 2018
#@# Inflation2 rh Tue Jan 23 23:36:08 UTC 2018
#@# Curv .H and .K lh Tue Jan 23 23:36:50 UTC 2018
#@# Curv .H and .K rh Tue Jan 23 23:38:49 UTC 2018
#@# Curvature Stats lh Tue Jan 23 23:40:43 UTC 2018
#@# Curvature Stats rh Tue Jan 23 23:40:49 UTC 2018
#@# Sphere lh Tue Jan 23 23:40:54 UTC 2018
#@# Sphere rh Wed Jan 24 00:47:12 UTC 2018
#@# Surf Reg lh Wed Jan 24 01:38:32 UTC 2018
#@# Surf Reg rh Wed Jan 24 02:51:22 UTC 2018
#@# Jacobian white lh Wed Jan 24 03:49:17 UTC 2018
#@# Jacobian white rh Wed Jan 24 03:49:20 UTC 2018
#@# AvgCurv lh Wed Jan 24 03:49:22 UTC 2018
#@# AvgCurv rh Wed Jan 24 03:49:24 UTC 2018
#@# Cortical Parc lh Wed Jan 24 03:49:26 UTC 2018
#@# Cortical Parc rh Wed Jan 24 03:49:47 UTC 2018
#@# Make Pial Surf lh Wed Jan 24 03:50:06 UTC 2018
#@# Make Pial Surf rh Wed Jan 24 04:08:31 UTC 2018
#@# Surf Volume lh Wed Jan 24 04:25:51 UTC 2018
#@# Surf Volume rh Wed Jan 24 04:25:56 UTC 2018
#@# Cortical ribbon mask Wed Jan 24 04:26:00 UTC 2018
#@# Parcellation Stats lh Wed Jan 24 04:34:19 UTC 2018
#@# Parcellation Stats rh Wed Jan 24 04:36:12 UTC 2018
#@# Cortical Parc 2 lh Wed Jan 24 04:37:59 UTC 2018
#@# Cortical Parc 2 rh Wed Jan 24 04:38:24 UTC 2018
#@# Parcellation Stats 2 lh Wed Jan 24 04:38:49 UTC 2018
#@# Parcellation Stats 2 rh Wed Jan 24 04:39:48 UTC 2018
#@# Cortical Parc 3 lh Wed Jan 24 04:40:43 UTC 2018
#@# Cortical Parc 3 rh Wed Jan 24 04:41:05 UTC 2018
#@# Parcellation Stats 3 lh Wed Jan 24 04:41:26 UTC 2018
#@# Parcellation Stats 3 rh Wed Jan 24 04:42:24 UTC 2018
#@# WM/GM Contrast lh Wed Jan 24 04:43:20 UTC 2018
#@# WM/GM Contrast rh Wed Jan 24 04:43:31 UTC 2018
#@# Relabel Hypointensities Wed Jan 24 04:43:41 UTC 2018
#@# AParc-to-ASeg aparc Wed Jan 24 04:44:15 UTC 2018
#@# AParc-to-ASeg a2009s Wed Jan 24 04:53:25 UTC 2018
#@# AParc-to-ASeg DKTatlas Wed Jan 24 05:02:37 UTC 2018
#@# APas-to-ASeg Wed Jan 24 05:11:45 UTC 2018
#@# ASeg Stats Wed Jan 24 05:11:59 UTC 2018
#@# WMParc Wed Jan 24 05:18:24 UTC 2018
#@# BA_exvivo Labels lh Wed Jan 24 05:35:39 UTC 2018
#@# BA_exvivo Labels rh Wed Jan 24 05:42:47 UTC 2018
recon-all -s 3253 finished without error at Wed Jan 24 05:49:28 UTC 2018
