status file for recon-all
Wed Jan 24 18:50:59 UTC 2018
#@# MotionCor Wed Jan 24 18:51:02 UTC 2018
#@# Talairach Wed Jan 24 18:51:20 UTC 2018
#@# Talairach Failure Detection Wed Jan 24 18:59:53 UTC 2018
#@# Nu Intensity Correction Wed Jan 24 18:59:53 UTC 2018
#@# Intensity Normalization Wed Jan 24 19:06:16 UTC 2018
#@# Skull Stripping Wed Jan 24 19:11:34 UTC 2018
#@# EM Registration Wed Jan 24 20:06:30 UTC 2018
#@# CA Normalize Wed Jan 24 20:44:37 UTC 2018
#@# CA Reg Wed Jan 24 20:48:12 UTC 2018
#@# SubCort Seg Thu Jan 25 02:20:33 UTC 2018
#@# Merge ASeg Thu Jan 25 05:17:57 UTC 2018
#@# Intensity Normalization2 Thu Jan 25 05:17:57 UTC 2018
#@# Mask BFS Thu Jan 25 05:24:02 UTC 2018
#@# WM Segmentation Thu Jan 25 05:24:05 UTC 2018
#@# Fill Thu Jan 25 05:28:38 UTC 2018
#@# Tessellate lh Thu Jan 25 05:30:05 UTC 2018
#@# Tessellate rh Thu Jan 25 05:30:18 UTC 2018
#@# Smooth1 lh Thu Jan 25 05:30:29 UTC 2018
#@# Smooth1 rh Thu Jan 25 05:30:40 UTC 2018
#@# Inflation1 lh Thu Jan 25 05:30:52 UTC 2018
#@# Inflation1 rh Thu Jan 25 05:32:02 UTC 2018
#@# QSphere lh Thu Jan 25 05:33:11 UTC 2018
#@# QSphere rh Thu Jan 25 05:40:22 UTC 2018
#@# Fix Topology Copy lh Thu Jan 25 05:47:16 UTC 2018
#@# Fix Topology Copy rh Thu Jan 25 05:47:16 UTC 2018
#@# Fix Topology lh Thu Jan 25 05:47:16 UTC 2018
#@# Fix Topology rh Thu Jan 25 07:38:32 UTC 2018
#@# Make White Surf lh Thu Jan 25 09:27:28 UTC 2018
#@# Make White Surf rh Thu Jan 25 09:37:30 UTC 2018
#@# Smooth2 lh Thu Jan 25 09:46:54 UTC 2018
#@# Smooth2 rh Thu Jan 25 09:47:06 UTC 2018
#@# Inflation2 lh Thu Jan 25 09:47:17 UTC 2018
#@# Inflation2 rh Thu Jan 25 09:48:33 UTC 2018
#@# Curv .H and .K lh Thu Jan 25 09:49:48 UTC 2018
#@# Curv .H and .K rh Thu Jan 25 09:52:51 UTC 2018
#@# Curvature Stats lh Thu Jan 25 09:55:45 UTC 2018
#@# Curvature Stats rh Thu Jan 25 09:55:54 UTC 2018
#@# Sphere lh Thu Jan 25 09:56:01 UTC 2018
#@# Sphere rh Thu Jan 25 11:41:36 UTC 2018
#@# Surf Reg lh Thu Jan 25 13:24:30 UTC 2018
#@# Surf Reg rh Thu Jan 25 15:09:34 UTC 2018
#@# Jacobian white lh Thu Jan 25 17:22:39 UTC 2018
#@# Jacobian white rh Thu Jan 25 17:22:42 UTC 2018
#@# AvgCurv lh Thu Jan 25 17:22:46 UTC 2018
#@# AvgCurv rh Thu Jan 25 17:22:49 UTC 2018
#@# Cortical Parc lh Thu Jan 25 17:22:51 UTC 2018
#@# Cortical Parc rh Thu Jan 25 17:23:17 UTC 2018
#@# Make Pial Surf lh Thu Jan 25 17:23:42 UTC 2018
#@# Make Pial Surf rh Thu Jan 25 17:49:27 UTC 2018
#@# Surf Volume lh Thu Jan 25 18:15:19 UTC 2018
#@# Surf Volume rh Thu Jan 25 18:15:25 UTC 2018
#@# Cortical ribbon mask Thu Jan 25 18:15:31 UTC 2018
#@# Parcellation Stats lh Thu Jan 25 18:35:13 UTC 2018
#@# Parcellation Stats rh Thu Jan 25 18:37:44 UTC 2018
#@# Cortical Parc 2 lh Thu Jan 25 18:40:14 UTC 2018
#@# Cortical Parc 2 rh Thu Jan 25 18:40:47 UTC 2018
#@# Parcellation Stats 2 lh Thu Jan 25 18:41:21 UTC 2018
#@# Parcellation Stats 2 rh Thu Jan 25 18:42:37 UTC 2018
#@# Cortical Parc 3 lh Thu Jan 25 18:43:51 UTC 2018
#@# Cortical Parc 3 rh Thu Jan 25 18:44:17 UTC 2018
#@# Parcellation Stats 3 lh Thu Jan 25 18:44:44 UTC 2018
#@# Parcellation Stats 3 rh Thu Jan 25 18:45:59 UTC 2018
#@# WM/GM Contrast lh Thu Jan 25 18:47:14 UTC 2018
#@# WM/GM Contrast rh Thu Jan 25 18:47:24 UTC 2018
#@# Relabel Hypointensities Thu Jan 25 18:47:33 UTC 2018
#@# AParc-to-ASeg aparc Thu Jan 25 18:48:13 UTC 2018
#@# AParc-to-ASeg a2009s Thu Jan 25 18:58:13 UTC 2018
#@# AParc-to-ASeg DKTatlas Thu Jan 25 19:08:06 UTC 2018
#@# APas-to-ASeg Thu Jan 25 19:17:49 UTC 2018
#@# ASeg Stats Thu Jan 25 19:18:00 UTC 2018
#@# WMParc Thu Jan 25 19:23:48 UTC 2018
#@# BA_exvivo Labels lh Thu Jan 25 19:41:37 UTC 2018
#@# BA_exvivo Labels rh Thu Jan 25 19:50:18 UTC 2018
recon-all -s 3430 finished without error at Thu Jan 25 19:58:56 UTC 2018
