status file for recon-all
Thu Jan 25 22:27:17 UTC 2018
#@# MotionCor Thu Jan 25 22:27:24 UTC 2018
#@# Talairach Thu Jan 25 22:27:44 UTC 2018
#@# Talairach Failure Detection Thu Jan 25 22:31:01 UTC 2018
#@# Nu Intensity Correction Thu Jan 25 22:31:01 UTC 2018
#@# Intensity Normalization Thu Jan 25 22:35:03 UTC 2018
#@# Skull Stripping Thu Jan 25 22:39:13 UTC 2018
#@# EM Registration Thu Jan 25 23:14:51 UTC 2018
#@# CA Normalize Thu Jan 25 23:44:49 UTC 2018
#@# CA Reg Thu Jan 25 23:47:50 UTC 2018
#@# SubCort Seg Fri Jan 26 04:47:27 UTC 2018
#@# Merge ASeg Fri Jan 26 06:38:18 UTC 2018
#@# Intensity Normalization2 Fri Jan 26 06:38:18 UTC 2018
#@# Mask BFS Fri Jan 26 06:44:52 UTC 2018
#@# WM Segmentation Fri Jan 26 06:44:55 UTC 2018
#@# Fill Fri Jan 26 06:48:41 UTC 2018
#@# Tessellate lh Fri Jan 26 06:50:17 UTC 2018
#@# Tessellate rh Fri Jan 26 06:50:29 UTC 2018
#@# Smooth1 lh Fri Jan 26 06:50:41 UTC 2018
#@# Smooth1 rh Fri Jan 26 06:50:52 UTC 2018
#@# Inflation1 lh Fri Jan 26 06:51:03 UTC 2018
#@# Inflation1 rh Fri Jan 26 06:52:05 UTC 2018
#@# QSphere lh Fri Jan 26 06:53:08 UTC 2018
#@# QSphere rh Fri Jan 26 06:59:38 UTC 2018
#@# Fix Topology Copy lh Fri Jan 26 07:06:36 UTC 2018
#@# Fix Topology Copy rh Fri Jan 26 07:06:36 UTC 2018
#@# Fix Topology lh Fri Jan 26 07:06:36 UTC 2018
#@# Fix Topology rh Fri Jan 26 08:06:04 UTC 2018
#@# Make White Surf lh Fri Jan 26 08:56:40 UTC 2018
#@# Make White Surf rh Fri Jan 26 09:06:02 UTC 2018
#@# Smooth2 lh Fri Jan 26 09:15:23 UTC 2018
#@# Smooth2 rh Fri Jan 26 09:15:33 UTC 2018
#@# Inflation2 lh Fri Jan 26 09:15:43 UTC 2018
#@# Inflation2 rh Fri Jan 26 09:16:43 UTC 2018
#@# Curv .H and .K lh Fri Jan 26 09:17:43 UTC 2018
#@# Curv .H and .K rh Fri Jan 26 09:20:20 UTC 2018
#@# Curvature Stats lh Fri Jan 26 09:22:52 UTC 2018
#@# Curvature Stats rh Fri Jan 26 09:22:58 UTC 2018
#@# Sphere lh Fri Jan 26 09:23:05 UTC 2018
#@# Sphere rh Fri Jan 26 10:43:59 UTC 2018
#@# Surf Reg lh Fri Jan 26 12:14:51 UTC 2018
#@# Surf Reg rh Fri Jan 26 13:41:27 UTC 2018
#@# Jacobian white lh Fri Jan 26 15:07:09 UTC 2018
#@# Jacobian white rh Fri Jan 26 15:07:13 UTC 2018
#@# AvgCurv lh Fri Jan 26 15:07:17 UTC 2018
#@# AvgCurv rh Fri Jan 26 15:07:20 UTC 2018
#@# Cortical Parc lh Fri Jan 26 15:07:23 UTC 2018
#@# Cortical Parc rh Fri Jan 26 15:07:56 UTC 2018
#@# Make Pial Surf lh Fri Jan 26 15:08:27 UTC 2018
#@# Make Pial Surf rh Fri Jan 26 15:36:01 UTC 2018
#@# Surf Volume lh Fri Jan 26 16:02:06 UTC 2018
#@# Surf Volume rh Fri Jan 26 16:02:13 UTC 2018
#@# Cortical ribbon mask Fri Jan 26 16:02:19 UTC 2018
#@# Parcellation Stats lh Fri Jan 26 16:33:22 UTC 2018
#@# Parcellation Stats rh Fri Jan 26 16:36:11 UTC 2018
#@# Cortical Parc 2 lh Fri Jan 26 16:39:00 UTC 2018
#@# Cortical Parc 2 rh Fri Jan 26 16:39:40 UTC 2018
#@# Parcellation Stats 2 lh Fri Jan 26 16:40:17 UTC 2018
#@# Parcellation Stats 2 rh Fri Jan 26 16:41:43 UTC 2018
#@# Cortical Parc 3 lh Fri Jan 26 16:43:12 UTC 2018
#@# Cortical Parc 3 rh Fri Jan 26 16:43:43 UTC 2018
#@# Parcellation Stats 3 lh Fri Jan 26 16:44:16 UTC 2018
#@# Parcellation Stats 3 rh Fri Jan 26 16:45:34 UTC 2018
#@# WM/GM Contrast lh Fri Jan 26 16:46:57 UTC 2018
#@# WM/GM Contrast rh Fri Jan 26 16:47:09 UTC 2018
#@# Relabel Hypointensities Fri Jan 26 16:47:21 UTC 2018
#@# AParc-to-ASeg aparc Fri Jan 26 16:48:12 UTC 2018
#@# AParc-to-ASeg a2009s Fri Jan 26 16:59:01 UTC 2018
#@# AParc-to-ASeg DKTatlas Fri Jan 26 17:10:08 UTC 2018
#@# APas-to-ASeg Fri Jan 26 17:20:33 UTC 2018
#@# ASeg Stats Fri Jan 26 17:20:45 UTC 2018
#@# WMParc Fri Jan 26 17:27:33 UTC 2018
#@# BA_exvivo Labels lh Fri Jan 26 17:46:43 UTC 2018
#@# BA_exvivo Labels rh Fri Jan 26 17:55:38 UTC 2018
recon-all -s 3585 finished without error at Fri Jan 26 18:04:29 UTC 2018
