status file for recon-all
Tue Jan 23 03:53:04 UTC 2018
#@# MotionCor Tue Jan 23 03:53:11 UTC 2018
#@# Talairach Tue Jan 23 03:53:31 UTC 2018
#@# Talairach Failure Detection Tue Jan 23 03:57:58 UTC 2018
#@# Nu Intensity Correction Tue Jan 23 03:57:58 UTC 2018
#@# Intensity Normalization Tue Jan 23 04:03:17 UTC 2018
#@# Skull Stripping Tue Jan 23 04:08:30 UTC 2018
#@# EM Registration Tue Jan 23 04:46:39 UTC 2018
#@# CA Normalize Tue Jan 23 05:28:39 UTC 2018
#@# CA Reg Tue Jan 23 05:32:13 UTC 2018
#@# SubCort Seg Tue Jan 23 10:46:44 UTC 2018
#@# Merge ASeg Tue Jan 23 13:04:26 UTC 2018
#@# Intensity Normalization2 Tue Jan 23 13:04:26 UTC 2018
#@# Mask BFS Tue Jan 23 13:10:34 UTC 2018
#@# WM Segmentation Tue Jan 23 13:10:37 UTC 2018
#@# Fill Tue Jan 23 13:15:11 UTC 2018
#@# Tessellate lh Tue Jan 23 13:16:43 UTC 2018
#@# Tessellate rh Tue Jan 23 13:16:54 UTC 2018
#@# Smooth1 lh Tue Jan 23 13:17:04 UTC 2018
#@# Smooth1 rh Tue Jan 23 13:17:16 UTC 2018
#@# Inflation1 lh Tue Jan 23 13:17:26 UTC 2018
#@# Inflation1 rh Tue Jan 23 13:18:36 UTC 2018
#@# QSphere lh Tue Jan 23 13:19:42 UTC 2018
#@# QSphere rh Tue Jan 23 13:26:47 UTC 2018
#@# Fix Topology Copy lh Tue Jan 23 13:33:34 UTC 2018
#@# Fix Topology Copy rh Tue Jan 23 13:33:34 UTC 2018
#@# Fix Topology lh Tue Jan 23 13:33:34 UTC 2018
#@# Fix Topology rh Tue Jan 23 22:14:22 UTC 2018
#@# Make White Surf lh Wed Jan 24 05:40:58 UTC 2018
#@# Make White Surf rh Wed Jan 24 05:48:50 UTC 2018
#@# Smooth2 lh Wed Jan 24 05:56:31 UTC 2018
#@# Smooth2 rh Wed Jan 24 05:56:40 UTC 2018
#@# Inflation2 lh Wed Jan 24 05:56:49 UTC 2018
#@# Inflation2 rh Wed Jan 24 05:57:47 UTC 2018
#@# Curv .H and .K lh Wed Jan 24 05:58:43 UTC 2018
#@# Curv .H and .K rh Wed Jan 24 06:01:11 UTC 2018
#@# Curvature Stats lh Wed Jan 24 06:03:39 UTC 2018
#@# Curvature Stats rh Wed Jan 24 06:03:45 UTC 2018
#@# Sphere lh Wed Jan 24 06:03:51 UTC 2018
#@# Sphere rh Wed Jan 24 07:38:35 UTC 2018
#@# Surf Reg lh Wed Jan 24 08:37:32 UTC 2018
#@# Surf Reg rh Wed Jan 24 09:51:55 UTC 2018
#@# Jacobian white lh Wed Jan 24 11:40:41 UTC 2018
#@# Jacobian white rh Wed Jan 24 11:40:44 UTC 2018
#@# AvgCurv lh Wed Jan 24 11:40:47 UTC 2018
#@# AvgCurv rh Wed Jan 24 11:40:49 UTC 2018
#@# Cortical Parc lh Wed Jan 24 11:40:52 UTC 2018
#@# Cortical Parc rh Wed Jan 24 11:41:15 UTC 2018
#@# Make Pial Surf lh Wed Jan 24 11:41:38 UTC 2018
#@# Make Pial Surf rh Wed Jan 24 12:05:29 UTC 2018
#@# Surf Volume lh Wed Jan 24 12:29:28 UTC 2018
#@# Surf Volume rh Wed Jan 24 12:29:33 UTC 2018
#@# Cortical ribbon mask Wed Jan 24 12:29:39 UTC 2018
#@# Parcellation Stats lh Wed Jan 24 12:46:09 UTC 2018
#@# Parcellation Stats rh Wed Jan 24 12:48:33 UTC 2018
#@# Cortical Parc 2 lh Wed Jan 24 12:50:59 UTC 2018
#@# Cortical Parc 2 rh Wed Jan 24 12:51:32 UTC 2018
#@# Parcellation Stats 2 lh Wed Jan 24 12:52:06 UTC 2018
#@# Parcellation Stats 2 rh Wed Jan 24 12:53:19 UTC 2018
#@# Cortical Parc 3 lh Wed Jan 24 12:54:30 UTC 2018
#@# Cortical Parc 3 rh Wed Jan 24 12:54:54 UTC 2018
#@# Parcellation Stats 3 lh Wed Jan 24 12:55:19 UTC 2018
#@# Parcellation Stats 3 rh Wed Jan 24 12:56:28 UTC 2018
#@# WM/GM Contrast lh Wed Jan 24 12:57:37 UTC 2018
#@# WM/GM Contrast rh Wed Jan 24 12:57:48 UTC 2018
#@# Relabel Hypointensities Wed Jan 24 12:57:59 UTC 2018
#@# AParc-to-ASeg aparc Wed Jan 24 12:58:37 UTC 2018
#@# AParc-to-ASeg a2009s Wed Jan 24 13:06:45 UTC 2018
#@# AParc-to-ASeg DKTatlas Wed Jan 24 13:14:55 UTC 2018
#@# APas-to-ASeg Wed Jan 24 13:22:55 UTC 2018
#@# ASeg Stats Wed Jan 24 13:23:06 UTC 2018
#@# WMParc Wed Jan 24 13:28:45 UTC 2018
#@# BA_exvivo Labels lh Wed Jan 24 13:45:25 UTC 2018
#@# BA_exvivo Labels rh Wed Jan 24 13:53:46 UTC 2018
recon-all -s 3254 finished without error at Wed Jan 24 14:02:04 UTC 2018
