status file for recon-all
Wed Jan 24 18:50:47 UTC 2018
#@# MotionCor Wed Jan 24 18:50:50 UTC 2018
#@# Talairach Wed Jan 24 18:51:07 UTC 2018
#@# Talairach Failure Detection Wed Jan 24 18:55:49 UTC 2018
#@# Nu Intensity Correction Wed Jan 24 18:55:50 UTC 2018
#@# Intensity Normalization Wed Jan 24 19:01:32 UTC 2018
#@# Skull Stripping Wed Jan 24 19:06:32 UTC 2018
#@# EM Registration Wed Jan 24 19:53:22 UTC 2018
#@# CA Normalize Wed Jan 24 20:35:45 UTC 2018
#@# CA Reg Wed Jan 24 20:39:33 UTC 2018
#@# SubCort Seg Thu Jan 25 01:58:20 UTC 2018
#@# Merge ASeg Thu Jan 25 04:38:02 UTC 2018
#@# Intensity Normalization2 Thu Jan 25 04:38:02 UTC 2018
#@# Mask BFS Thu Jan 25 04:44:02 UTC 2018
#@# WM Segmentation Thu Jan 25 04:44:05 UTC 2018
#@# Fill Thu Jan 25 04:48:16 UTC 2018
#@# Tessellate lh Thu Jan 25 04:49:48 UTC 2018
#@# Tessellate rh Thu Jan 25 04:49:58 UTC 2018
#@# Smooth1 lh Thu Jan 25 04:50:08 UTC 2018
#@# Smooth1 rh Thu Jan 25 04:50:17 UTC 2018
#@# Inflation1 lh Thu Jan 25 04:50:26 UTC 2018
#@# Inflation1 rh Thu Jan 25 04:51:19 UTC 2018
#@# QSphere lh Thu Jan 25 04:52:10 UTC 2018
#@# QSphere rh Thu Jan 25 04:57:40 UTC 2018
#@# Fix Topology Copy lh Thu Jan 25 05:03:11 UTC 2018
#@# Fix Topology Copy rh Thu Jan 25 05:03:11 UTC 2018
#@# Fix Topology lh Thu Jan 25 05:03:11 UTC 2018
#@# Fix Topology rh Thu Jan 25 05:55:53 UTC 2018
#@# Make White Surf lh Thu Jan 25 06:46:25 UTC 2018
#@# Make White Surf rh Thu Jan 25 06:54:00 UTC 2018
#@# Smooth2 lh Thu Jan 25 07:01:18 UTC 2018
#@# Smooth2 rh Thu Jan 25 07:01:27 UTC 2018
#@# Inflation2 lh Thu Jan 25 07:01:35 UTC 2018
#@# Inflation2 rh Thu Jan 25 07:02:28 UTC 2018
#@# Curv .H and .K lh Thu Jan 25 07:03:20 UTC 2018
#@# Curv .H and .K rh Thu Jan 25 07:05:40 UTC 2018
#@# Curvature Stats lh Thu Jan 25 07:07:48 UTC 2018
#@# Curvature Stats rh Thu Jan 25 07:07:54 UTC 2018
#@# Sphere lh Thu Jan 25 07:07:59 UTC 2018
#@# Sphere rh Thu Jan 25 08:21:37 UTC 2018
#@# Surf Reg lh Thu Jan 25 09:26:17 UTC 2018
#@# Surf Reg rh Thu Jan 25 10:39:05 UTC 2018
#@# Jacobian white lh Thu Jan 25 11:56:42 UTC 2018
#@# Jacobian white rh Thu Jan 25 11:56:45 UTC 2018
#@# AvgCurv lh Thu Jan 25 11:56:48 UTC 2018
#@# AvgCurv rh Thu Jan 25 11:56:50 UTC 2018
#@# Cortical Parc lh Thu Jan 25 11:56:52 UTC 2018
#@# Cortical Parc rh Thu Jan 25 11:57:14 UTC 2018
#@# Make Pial Surf lh Thu Jan 25 11:57:37 UTC 2018
#@# Make Pial Surf rh Thu Jan 25 12:20:31 UTC 2018
#@# Surf Volume lh Thu Jan 25 12:43:03 UTC 2018
#@# Surf Volume rh Thu Jan 25 12:43:09 UTC 2018
#@# Cortical ribbon mask Thu Jan 25 12:43:13 UTC 2018
#@# Parcellation Stats lh Thu Jan 25 13:01:38 UTC 2018
#@# Parcellation Stats rh Thu Jan 25 13:03:54 UTC 2018
#@# Cortical Parc 2 lh Thu Jan 25 13:06:01 UTC 2018
#@# Cortical Parc 2 rh Thu Jan 25 13:06:31 UTC 2018
#@# Parcellation Stats 2 lh Thu Jan 25 13:07:01 UTC 2018
#@# Parcellation Stats 2 rh Thu Jan 25 13:08:08 UTC 2018
#@# Cortical Parc 3 lh Thu Jan 25 13:09:15 UTC 2018
#@# Cortical Parc 3 rh Thu Jan 25 13:09:41 UTC 2018
#@# Parcellation Stats 3 lh Thu Jan 25 13:10:05 UTC 2018
#@# Parcellation Stats 3 rh Thu Jan 25 13:11:11 UTC 2018
#@# WM/GM Contrast lh Thu Jan 25 13:12:17 UTC 2018
#@# WM/GM Contrast rh Thu Jan 25 13:12:26 UTC 2018
#@# Relabel Hypointensities Thu Jan 25 13:12:35 UTC 2018
#@# AParc-to-ASeg aparc Thu Jan 25 13:13:15 UTC 2018
#@# AParc-to-ASeg a2009s Thu Jan 25 13:21:19 UTC 2018
#@# AParc-to-ASeg DKTatlas Thu Jan 25 13:29:11 UTC 2018
#@# APas-to-ASeg Thu Jan 25 13:37:11 UTC 2018
#@# ASeg Stats Thu Jan 25 13:37:24 UTC 2018
#@# WMParc Thu Jan 25 13:44:35 UTC 2018
#@# BA_exvivo Labels lh Thu Jan 25 14:04:31 UTC 2018
#@# BA_exvivo Labels rh Thu Jan 25 14:12:55 UTC 2018
recon-all -s 3429 finished without error at Thu Jan 25 14:20:59 UTC 2018
