status file for recon-all
Sat Jan 27 01:19:12 UTC 2018
#@# MotionCor Sat Jan 27 01:19:18 UTC 2018
#@# Talairach Sat Jan 27 01:19:39 UTC 2018
#@# Talairach Failure Detection Sat Jan 27 01:23:25 UTC 2018
#@# Nu Intensity Correction Sat Jan 27 01:23:25 UTC 2018
#@# Intensity Normalization Sat Jan 27 01:28:22 UTC 2018
#@# Skull Stripping Sat Jan 27 01:33:00 UTC 2018
#@# EM Registration Sat Jan 27 02:13:59 UTC 2018
#@# CA Normalize Sat Jan 27 02:51:49 UTC 2018
#@# CA Reg Sat Jan 27 02:55:28 UTC 2018
#@# SubCort Seg Sat Jan 27 08:23:40 UTC 2018
#@# Merge ASeg Sat Jan 27 10:31:24 UTC 2018
#@# Intensity Normalization2 Sat Jan 27 10:31:24 UTC 2018
#@# Mask BFS Sat Jan 27 10:39:20 UTC 2018
#@# WM Segmentation Sat Jan 27 10:39:25 UTC 2018
#@# Fill Sat Jan 27 10:43:58 UTC 2018
#@# Tessellate lh Sat Jan 27 10:45:53 UTC 2018
#@# Tessellate rh Sat Jan 27 10:46:07 UTC 2018
#@# Smooth1 lh Sat Jan 27 10:46:20 UTC 2018
#@# Smooth1 rh Sat Jan 27 10:46:31 UTC 2018
#@# Inflation1 lh Sat Jan 27 10:46:42 UTC 2018
#@# Inflation1 rh Sat Jan 27 10:47:51 UTC 2018
#@# QSphere lh Sat Jan 27 10:48:58 UTC 2018
#@# QSphere rh Sat Jan 27 10:57:15 UTC 2018
#@# Fix Topology Copy lh Sat Jan 27 11:04:54 UTC 2018
#@# Fix Topology Copy rh Sat Jan 27 11:04:55 UTC 2018
#@# Fix Topology lh Sat Jan 27 11:04:55 UTC 2018
#@# Fix Topology rh Sat Jan 27 11:25:32 UTC 2018
#@# Make White Surf lh Sat Jan 27 12:22:48 UTC 2018
#@# Make White Surf rh Sat Jan 27 12:33:31 UTC 2018
#@# Smooth2 lh Sat Jan 27 12:44:14 UTC 2018
#@# Smooth2 rh Sat Jan 27 12:44:27 UTC 2018
#@# Inflation2 lh Sat Jan 27 12:44:40 UTC 2018
#@# Inflation2 rh Sat Jan 27 12:45:48 UTC 2018
#@# Curv .H and .K lh Sat Jan 27 12:46:59 UTC 2018
#@# Curv .H and .K rh Sat Jan 27 12:49:52 UTC 2018
#@# Curvature Stats lh Sat Jan 27 12:52:52 UTC 2018
#@# Curvature Stats rh Sat Jan 27 12:53:01 UTC 2018
#@# Sphere lh Sat Jan 27 12:53:10 UTC 2018
#@# Sphere rh Sat Jan 27 14:38:49 UTC 2018
#@# Surf Reg lh Sat Jan 27 16:19:07 UTC 2018
#@# Surf Reg rh Sat Jan 27 18:01:29 UTC 2018
#@# Jacobian white lh Sat Jan 27 19:40:15 UTC 2018
#@# Jacobian white rh Sat Jan 27 19:40:20 UTC 2018
#@# AvgCurv lh Sat Jan 27 19:40:25 UTC 2018
#@# AvgCurv rh Sat Jan 27 19:40:28 UTC 2018
#@# Cortical Parc lh Sat Jan 27 19:40:31 UTC 2018
#@# Cortical Parc rh Sat Jan 27 19:41:03 UTC 2018
#@# Make Pial Surf lh Sat Jan 27 19:41:36 UTC 2018
#@# Make Pial Surf rh Sat Jan 27 20:12:06 UTC 2018
#@# Surf Volume lh Sat Jan 27 20:42:43 UTC 2018
#@# Surf Volume rh Sat Jan 27 20:42:50 UTC 2018
#@# Cortical ribbon mask Sat Jan 27 20:42:57 UTC 2018
#@# Parcellation Stats lh Sat Jan 27 21:14:14 UTC 2018
#@# Parcellation Stats rh Sat Jan 27 21:17:18 UTC 2018
#@# Cortical Parc 2 lh Sat Jan 27 21:20:24 UTC 2018
#@# Cortical Parc 2 rh Sat Jan 27 21:21:02 UTC 2018
#@# Parcellation Stats 2 lh Sat Jan 27 21:21:44 UTC 2018
#@# Parcellation Stats 2 rh Sat Jan 27 21:23:18 UTC 2018
#@# Cortical Parc 3 lh Sat Jan 27 21:24:58 UTC 2018
#@# Cortical Parc 3 rh Sat Jan 27 21:25:29 UTC 2018
#@# Parcellation Stats 3 lh Sat Jan 27 21:26:03 UTC 2018
#@# Parcellation Stats 3 rh Sat Jan 27 21:27:35 UTC 2018
#@# WM/GM Contrast lh Sat Jan 27 21:28:57 UTC 2018
#@# WM/GM Contrast rh Sat Jan 27 21:29:09 UTC 2018
#@# Relabel Hypointensities Sat Jan 27 21:29:19 UTC 2018
#@# AParc-to-ASeg aparc Sat Jan 27 21:30:06 UTC 2018
#@# AParc-to-ASeg a2009s Sat Jan 27 21:39:33 UTC 2018
#@# AParc-to-ASeg DKTatlas Sat Jan 27 21:48:36 UTC 2018
#@# APas-to-ASeg Sat Jan 27 21:57:36 UTC 2018
#@# ASeg Stats Sat Jan 27 21:57:48 UTC 2018
#@# WMParc Sat Jan 27 22:04:40 UTC 2018
#@# BA_exvivo Labels lh Sat Jan 27 22:22:21 UTC 2018
#@# BA_exvivo Labels rh Sat Jan 27 22:30:44 UTC 2018
recon-all -s 3853 finished without error at Sat Jan 27 22:38:59 UTC 2018
